Log file open, 01/08/21 12:11:06
LogInit: Display: Running engine for game: UE4EscapeRoom
LogPlatformFile: Not using cached read wrapper
LogTaskGraph: Started task graph with 5 named threads and 35 total threads with 3 sets of task threads.
LogStats: Stats thread started at 0.357656
LogD3D11RHI: Loaded GFSDK_Aftermath_Lib.x64.dll
LogICUInternationalization: ICU TimeZone Detection - Raw Offset: -5:00, Platform Override: ''
LogPluginManager: Mounting plugin Paper2D
LogPluginManager: Mounting plugin AISupport
LogPluginManager: Mounting plugin LightPropagationVolume
LogPluginManager: Mounting plugin CameraShakePreviewer
LogPluginManager: Mounting plugin ActorLayerUtilities
LogPluginManager: Mounting plugin AnimationSharing
LogPluginManager: Mounting plugin CLionSourceCodeAccess
LogPluginManager: Mounting plugin CodeLiteSourceCodeAccess
LogPluginManager: Mounting plugin GitSourceControl
LogPluginManager: Mounting plugin KDevelopSourceCodeAccess
LogPluginManager: Mounting plugin NullSourceCodeAccess
LogPluginManager: Mounting plugin PerforceSourceControl
LogPluginManager: Mounting plugin PlasticSourceControl
LogPluginManager: Mounting plugin RiderSourceCodeAccess
LogPluginManager: Mounting plugin SubversionSourceControl
LogPluginManager: Mounting plugin UObjectPlugin
LogPluginManager: Mounting plugin VisualStudioCodeSourceCodeAccess
LogPluginManager: Mounting plugin VisualStudioSourceCodeAccess
LogPluginManager: Mounting plugin XCodeSourceCodeAccess
LogPluginManager: Mounting plugin AssetManagerEditor
LogPluginManager: Mounting plugin CryptoKeys
LogPluginManager: Mounting plugin CurveEditorTools
LogPluginManager: Mounting plugin DataValidation
LogPluginManager: Mounting plugin EditorScriptingUtilities
LogPluginManager: Mounting plugin FacialAnimation
LogPluginManager: Mounting plugin GameplayTagsEditor
LogPluginManager: Mounting plugin GeometryMode
LogPluginManager: Mounting plugin MacGraphicsSwitching
LogPluginManager: Mounting plugin MaterialAnalyzer
LogPluginManager: Mounting plugin MobileLauncherProfileWizard
LogPluginManager: Mounting plugin PluginBrowser
LogPluginManager: Mounting plugin SpeedTreeImporter
LogPluginManager: Mounting plugin DatasmithContent
LogPluginManager: Mounting plugin VariantManagerContent
LogPluginManager: Mounting plugin AlembicImporter
LogPluginManager: Mounting plugin AutomationUtils
LogPluginManager: Mounting plugin BackChannel
LogPluginManager: Mounting plugin ChaosCloth
LogPluginManager: Mounting plugin ChaosClothEditor
LogPluginManager: Mounting plugin ChaosEditor
LogPluginManager: Mounting plugin ChaosNiagara
LogPluginManager: Mounting plugin ChaosSolverPlugin
LogPluginManager: Mounting plugin CharacterAI
LogPluginManager: Mounting plugin GeometryCache
LogPluginManager: Mounting plugin GeometryCollectionPlugin
LogPluginManager: Mounting plugin GeometryProcessing
LogPluginManager: Mounting plugin PlanarCut
LogPluginManager: Mounting plugin PlatformCrypto
LogPluginManager: Mounting plugin ProxyLODPlugin
LogPluginManager: Mounting plugin SkeletalReduction
LogPluginManager: Mounting plugin Niagara
LogPluginManager: Mounting plugin MagicLeap
LogPluginManager: Mounting plugin MagicLeapLightEstimation
LogPluginManager: Mounting plugin MagicLeapMedia
LogPluginManager: Mounting plugin MagicLeapPassableWorld
LogPluginManager: Mounting plugin MLSDK
LogPluginManager: Mounting plugin BlockoutToolsPlugin
LogPluginManager: Mounting plugin AndroidMedia
LogPluginManager: Mounting plugin AvfMedia
LogPluginManager: Mounting plugin ImgMedia
LogPluginManager: Mounting plugin MediaCompositing
LogPluginManager: Mounting plugin MediaPlayerEditor
LogPluginManager: Mounting plugin WebMMedia
LogPluginManager: Mounting plugin WmfMedia
LogPluginManager: Mounting plugin MeshPainting
LogPluginManager: Mounting plugin TcpMessaging
LogPluginManager: Mounting plugin UdpMessaging
LogPluginManager: Mounting plugin ActorSequence
LogPluginManager: Mounting plugin LevelSequenceEditor
LogPluginManager: Mounting plugin MatineeToLevelSequence
LogPluginManager: Mounting plugin MovieRenderPipeline
LogPluginManager: Mounting plugin TemplateSequence
LogPluginManager: Mounting plugin NetcodeUnitTest
LogPluginManager: Mounting plugin NUTUnrealEngine4
LogPluginManager: Mounting plugin OnlineSubsystemGooglePlay
LogPluginManager: Mounting plugin OnlineSubsystemIOS
LogPluginManager: Mounting plugin OnlineSubsystem
LogPluginManager: Mounting plugin OnlineSubsystemNull
LogPluginManager: Mounting plugin OnlineSubsystemUtils
LogPluginManager: Mounting plugin LauncherChunkInstaller
LogPluginManager: Mounting plugin AndroidDeviceProfileSelector
LogPluginManager: Mounting plugin AndroidMoviePlayer
LogPluginManager: Mounting plugin AndroidPermission
LogPluginManager: Mounting plugin AppleImageUtils
LogPluginManager: Mounting plugin AppleMoviePlayer
LogPluginManager: Mounting plugin ArchVisCharacter
LogPluginManager: Mounting plugin AssetTags
LogPluginManager: Mounting plugin AudioCapture
LogPluginManager: Mounting plugin CableComponent
LogPluginManager: Mounting plugin CustomMeshComponent
LogPluginManager: Mounting plugin EditableMesh
LogPluginManager: Mounting plugin ExampleDeviceProfileSelector
LogPluginManager: Mounting plugin GoogleCloudMessaging
LogPluginManager: Mounting plugin GooglePAD
LogPluginManager: Mounting plugin IOSDeviceProfileSelector
LogPluginManager: Mounting plugin LinuxDeviceProfileSelector
LogPluginManager: Mounting plugin LocationServicesBPLibrary
LogPluginManager: Mounting plugin MobilePatchingUtils
LogPluginManager: Mounting plugin OculusVR
LogPluginManager: Mounting plugin PhysXVehicles
LogPluginManager: Mounting plugin PostSplashScreen
LogPluginManager: Mounting plugin ProceduralMeshComponent
LogPluginManager: Mounting plugin RuntimePhysXCooking
LogPluginManager: Mounting plugin SignificanceManager
LogPluginManager: Mounting plugin SoundFields
LogPluginManager: Mounting plugin SteamVR
LogPluginManager: Mounting plugin Synthesis
LogPluginManager: Mounting plugin WebMMoviePlayer
LogPluginManager: Mounting plugin WindowsMoviePlayer
LogPluginManager: Mounting plugin ScreenshotTools
LogInit: Using libcurl 7.55.1-DEV
LogInit:  - built for x86_64-pc-win32
LogInit:  - supports SSL with OpenSSL/1.1.1
LogInit:  - supports HTTP deflate (compression) using libz 1.2.8
LogInit:  - other features:
LogInit:      CURL_VERSION_SSL
LogInit:      CURL_VERSION_LIBZ
LogInit:      CURL_VERSION_IPV6
LogInit:      CURL_VERSION_ASYNCHDNS
LogInit:      CURL_VERSION_LARGEFILE
LogInit:      CURL_VERSION_IDN
LogInit:  CurlRequestOptions (configurable via config and command line):
LogInit:  - bVerifyPeer = true  - Libcurl will verify peer certificate
LogInit:  - bUseHttpProxy = false  - Libcurl will NOT use HTTP proxy
LogInit:  - bDontReuseConnections = false  - Libcurl will reuse connections
LogInit:  - MaxHostConnections = 16  - Libcurl will limit the number of connections to a host
LogInit:  - LocalHostAddr = Default
LogInit:  - BufferSize = 65536
LogOnline: OSS: Creating online subsystem instance for: NULL
LogInit: WinSock: version 1.1 (2.2), MaxSocks=32767, MaxUdp=65467
LogOnline: OSS: TryLoadSubsystemAndSetDefault: Loaded subsystem for module [NULL]
LogInit: Build: ++UE4+Release-4.25-CL-14469661
LogInit: Engine Version: 4.25.4-14469661+++UE4+Release-4.25
LogInit: Compatible Engine Version: 4.25.0-13144385+++UE4+Release-4.25
LogInit: Net CL: 13144385
LogInit: OS: Windows 10 (Release 2009) (), CPU: Intel(R) Core(TM) i7-8750H CPU @ 2.20GHz, GPU: Intel(R) UHD Graphics 630
LogInit: Compiled (64-bit): Oct 11 2020 08:10:49
LogInit: Compiled with Visual C++: 19.24.28315.00
LogInit: Build Configuration: Development
LogInit: Branch Name: ++UE4+Release-4.25
LogInit: Command Line: 
LogInit: Base Directory: D:/Documents/UE_4.25/Engine/Binaries/Win64/
LogInit: Allocator: TBB
LogInit: Installed Engine Build: 1
LogDevObjectVersion: Number of dev versions registered: 26
LogDevObjectVersion:   Dev-Blueprints (B0D832E4-1F89-4F0D-ACCF-7EB736FD4AA2): 10
LogDevObjectVersion:   Dev-Build (E1C64328-A22C-4D53-A36C-8E866417BD8C): 0
LogDevObjectVersion:   Dev-Core (375EC13C-06E4-48FB-B500-84F0262A717E): 4
LogDevObjectVersion:   Dev-Editor (E4B068ED-F494-42E9-A231-DA0B2E46BB41): 38
LogDevObjectVersion:   Dev-Framework (CFFC743F-43B0-4480-9391-14DF171D2073): 37
LogDevObjectVersion:   Dev-Mobile (B02B49B5-BB20-44E9-A304-32B752E40360): 2
LogDevObjectVersion:   Dev-Networking (A4E4105C-59A1-49B5-A7C5-40C4547EDFEE): 0
LogDevObjectVersion:   Dev-Online (39C831C9-5AE6-47DC-9A44-9C173E1C8E7C): 0
LogDevObjectVersion:   Dev-Physics (78F01B33-EBEA-4F98-B9B4-84EACCB95AA2): 4
LogDevObjectVersion:   Dev-Platform (6631380F-2D4D-43E0-8009-CF276956A95A): 0
LogDevObjectVersion:   Dev-Rendering (12F88B9F-8875-4AFC-A67C-D90C383ABD29): 43
LogDevObjectVersion:   Dev-Sequencer (7B5AE74C-D270-4C10-A958-57980B212A5A): 12
LogDevObjectVersion:   Dev-VR (D7296918-1DD6-4BDD-9DE2-64A83CC13884): 3
LogDevObjectVersion:   Dev-LoadTimes (C2A15278-BFE7-4AFE-6C17-90FF531DF755): 1
LogDevObjectVersion:   Private-Geometry (6EACA3D4-40EC-4CC1-B786-8BED09428FC5): 3
LogDevObjectVersion:   Dev-AnimPhys (29E575DD-E0A3-4627-9D10-D276232CDCEA): 17
LogDevObjectVersion:   Dev-Anim (AF43A65D-7FD3-4947-9873-3E8ED9C1BB05): 7
LogDevObjectVersion:   Dev-ReflectionCapture (6B266CEC-1EC7-4B8F-A30B-E4D90942FC07): 1
LogDevObjectVersion:   Dev-Automation (0DF73D61-A23F-47EA-B727-89E90C41499A): 1
LogDevObjectVersion:   FortniteMain (601D1886-AC64-4F84-AA16-D3DE0DEAC7D6): 31
LogDevObjectVersion:   Dev-Enterprise (9DFFBCD6-494F-0158-E221-12823C92A888): 10
LogDevObjectVersion:   Dev-Niagara (F2AED0AC-9AFE-416F-8664-AA7FFA26D6FC): 1
LogDevObjectVersion:   Dev-Destruction (174F1F0B-B4C6-45A5-B13F-2EE8D0FB917D): 10
LogDevObjectVersion:   Dev-Physics-Ext (35F94A83-E258-406C-A318-09F59610247C): 37
LogDevObjectVersion:   Dev-PhysicsMaterial-Chaos (B68FC16E-8B1B-42E2-B453-215C058844FE): 1
LogDevObjectVersion:   Dev-CineCamera (B2E18506-4273-CFC2-A54E-F4BB758BBA07): 1
LogInit: Presizing for max 25165824 objects, including 0 objects not considered by GC, pre-allocating 0 bytes for permanent pool.
LogConfig: Applying CVar settings from Section [/Script/Engine.StreamingSettings] File [D:/Documents/GameDesign/UE4-EscapeRoom/UE4EscapeRoom/Saved/Config/Windows/Engine.ini]
LogConfig: Setting CVar [[s.MinBulkDataSizeForAsyncLoading:131072]]
LogConfig: Setting CVar [[s.AsyncLoadingThreadEnabled:0]]
LogConfig: Setting CVar [[s.EventDrivenLoaderEnabled:1]]
LogConfig: Setting CVar [[s.WarnIfTimeLimitExceeded:0]]
LogConfig: Setting CVar [[s.TimeLimitExceededMultiplier:1.5]]
LogConfig: Setting CVar [[s.TimeLimitExceededMinTime:0.005]]
LogConfig: Setting CVar [[s.UseBackgroundLevelStreaming:1]]
LogConfig: Setting CVar [[s.PriorityAsyncLoadingExtraTime:15.0]]
LogConfig: Setting CVar [[s.LevelStreamingActorsUpdateTimeLimit:5.0]]
LogConfig: Setting CVar [[s.PriorityLevelStreamingActorsUpdateExtraTime:5.0]]
LogConfig: Setting CVar [[s.LevelStreamingComponentsRegistrationGranularity:10]]
LogConfig: Setting CVar [[s.UnregisterComponentsTimeLimit:1.0]]
LogConfig: Setting CVar [[s.LevelStreamingComponentsUnregistrationGranularity:5]]
LogConfig: Setting CVar [[s.FlushStreamingOnExit:1]]
LogInit: Object subsystem initialized
LogConfig: Setting CVar [[con.DebugEarlyDefault:1]]
LogConfig: Setting CVar [[r.setres:1280x720]]
[2021.01.08-17.11.06:662][  0]LogConfig: Setting CVar [[r.VSync:0]]
[2021.01.08-17.11.06:662][  0]LogConfig: Setting CVar [[r.RHICmdBypass:0]]
[2021.01.08-17.11.06:662][  0]LogConfig: Applying CVar settings from Section [/Script/Engine.RendererSettings] File [D:/Documents/GameDesign/UE4-EscapeRoom/UE4EscapeRoom/Saved/Config/Windows/Engine.ini]
[2021.01.08-17.11.06:662][  0]LogConfig: Setting CVar [[r.GPUCrashDebugging:0]]
[2021.01.08-17.11.06:662][  0]LogConfig: Applying CVar settings from Section [/Script/Engine.RendererOverrideSettings] File [D:/Documents/GameDesign/UE4-EscapeRoom/UE4EscapeRoom/Saved/Config/Windows/Engine.ini]
[2021.01.08-17.11.06:662][  0]LogConfig: Applying CVar settings from Section [/Script/Engine.StreamingSettings] File [D:/Documents/GameDesign/UE4-EscapeRoom/UE4EscapeRoom/Saved/Config/Windows/Engine.ini]
[2021.01.08-17.11.06:662][  0]LogConfig: Setting CVar [[s.MinBulkDataSizeForAsyncLoading:131072]]
[2021.01.08-17.11.06:662][  0]LogConfig: Setting CVar [[s.AsyncLoadingThreadEnabled:0]]
[2021.01.08-17.11.06:662][  0]LogConfig: Setting CVar [[s.EventDrivenLoaderEnabled:1]]
[2021.01.08-17.11.06:662][  0]LogConfig: Setting CVar [[s.WarnIfTimeLimitExceeded:0]]
[2021.01.08-17.11.06:662][  0]LogConfig: Setting CVar [[s.TimeLimitExceededMultiplier:1.5]]
[2021.01.08-17.11.06:662][  0]LogConfig: Setting CVar [[s.TimeLimitExceededMinTime:0.005]]
[2021.01.08-17.11.06:662][  0]LogConfig: Setting CVar [[s.UseBackgroundLevelStreaming:1]]
[2021.01.08-17.11.06:662][  0]LogConfig: Setting CVar [[s.PriorityAsyncLoadingExtraTime:15.0]]
[2021.01.08-17.11.06:662][  0]LogConfig: Setting CVar [[s.LevelStreamingActorsUpdateTimeLimit:5.0]]
[2021.01.08-17.11.06:662][  0]LogConfig: Setting CVar [[s.PriorityLevelStreamingActorsUpdateExtraTime:5.0]]
[2021.01.08-17.11.06:662][  0]LogConfig: Setting CVar [[s.LevelStreamingComponentsRegistrationGranularity:10]]
[2021.01.08-17.11.06:662][  0]LogConfig: Setting CVar [[s.UnregisterComponentsTimeLimit:1.0]]
[2021.01.08-17.11.06:662][  0]LogConfig: Setting CVar [[s.LevelStreamingComponentsUnregistrationGranularity:5]]
[2021.01.08-17.11.06:662][  0]LogConfig: Setting CVar [[s.FlushStreamingOnExit:1]]
[2021.01.08-17.11.06:662][  0]LogConfig: Applying CVar settings from Section [/Script/Engine.GarbageCollectionSettings] File [D:/Documents/GameDesign/UE4-EscapeRoom/UE4EscapeRoom/Saved/Config/Windows/Engine.ini]
[2021.01.08-17.11.06:662][  0]LogConfig: Setting CVar [[gc.MaxObjectsNotConsideredByGC:1]]
[2021.01.08-17.11.06:662][  0]LogConfig: Setting CVar [[gc.SizeOfPermanentObjectPool:0]]
[2021.01.08-17.11.06:662][  0]LogConfig: Setting CVar [[gc.FlushStreamingOnGC:0]]
[2021.01.08-17.11.06:662][  0]LogConfig: Setting CVar [[gc.NumRetriesBeforeForcingGC:10]]
[2021.01.08-17.11.06:662][  0]LogConfig: Setting CVar [[gc.AllowParallelGC:1]]
[2021.01.08-17.11.06:662][  0]LogConfig: Setting CVar [[gc.TimeBetweenPurgingPendingKillObjects:61.1]]
[2021.01.08-17.11.06:662][  0]LogConfig: Setting CVar [[gc.MaxObjectsInEditor:25165824]]
[2021.01.08-17.11.06:662][  0]LogConfig: Setting CVar [[gc.IncrementalBeginDestroyEnabled:1]]
[2021.01.08-17.11.06:662][  0]LogConfig: Setting CVar [[gc.CreateGCClusters:1]]
[2021.01.08-17.11.06:662][  0]LogConfig: Setting CVar [[gc.MinGCClusterSize:5]]
[2021.01.08-17.11.06:662][  0]LogConfig: Setting CVar [[gc.ActorClusteringEnabled:0]]
[2021.01.08-17.11.06:662][  0]LogConfig: Setting CVar [[gc.BlueprintClusteringEnabled:0]]
[2021.01.08-17.11.06:662][  0]LogConfig: Setting CVar [[gc.UseDisregardForGCOnDedicatedServers:0]]
[2021.01.08-17.11.06:662][  0]LogConfig: Applying CVar settings from Section [/Script/Engine.NetworkSettings] File [D:/Documents/GameDesign/UE4-EscapeRoom/UE4EscapeRoom/Saved/Config/Windows/Engine.ini]
[2021.01.08-17.11.06:663][  0]LogConfig: Applying CVar settings from Section [/Script/UnrealEd.CookerSettings] File [D:/Documents/GameDesign/UE4-EscapeRoom/UE4EscapeRoom/Saved/Config/Windows/Engine.ini]
[2021.01.08-17.11.06:672][  0]LogConfig: Applying CVar settings from Section [ViewDistanceQuality@3] File [D:/Documents/GameDesign/UE4-EscapeRoom/UE4EscapeRoom/Saved/Config/Windows/Scalability.ini]
[2021.01.08-17.11.06:673][  0]LogConfig: Setting CVar [[r.SkeletalMeshLODBias:0]]
[2021.01.08-17.11.06:673][  0]LogConfig: Setting CVar [[r.ViewDistanceScale:1.0]]
[2021.01.08-17.11.06:673][  0]LogConfig: Applying CVar settings from Section [AntiAliasingQuality@3] File [D:/Documents/GameDesign/UE4-EscapeRoom/UE4EscapeRoom/Saved/Config/Windows/Scalability.ini]
[2021.01.08-17.11.06:673][  0]LogConfig: Setting CVar [[r.PostProcessAAQuality:4]]
[2021.01.08-17.11.06:673][  0]LogConfig: Applying CVar settings from Section [ShadowQuality@3] File [D:/Documents/GameDesign/UE4-EscapeRoom/UE4EscapeRoom/Saved/Config/Windows/Scalability.ini]
[2021.01.08-17.11.06:673][  0]LogConfig: Setting CVar [[r.LightFunctionQuality:1]]
[2021.01.08-17.11.06:673][  0]LogConfig: Setting CVar [[r.ShadowQuality:5]]
[2021.01.08-17.11.06:673][  0]LogConfig: Setting CVar [[r.Shadow.CSM.MaxCascades:10]]
[2021.01.08-17.11.06:673][  0]LogConfig: Setting CVar [[r.Shadow.MaxResolution:2048]]
[2021.01.08-17.11.06:673][  0]LogConfig: Setting CVar [[r.Shadow.MaxCSMResolution:2048]]
[2021.01.08-17.11.06:673][  0]LogConfig: Setting CVar [[r.Shadow.RadiusThreshold:0.01]]
[2021.01.08-17.11.06:673][  0]LogConfig: Setting CVar [[r.Shadow.DistanceScale:1.0]]
[2021.01.08-17.11.06:673][  0]LogConfig: Setting CVar [[r.Shadow.CSM.TransitionScale:1.0]]
[2021.01.08-17.11.06:673][  0]LogConfig: Setting CVar [[r.Shadow.PreShadowResolutionFactor:1.0]]
[2021.01.08-17.11.06:673][  0]LogConfig: Setting CVar [[r.DistanceFieldShadowing:1]]
[2021.01.08-17.11.06:673][  0]LogConfig: Setting CVar [[r.DistanceFieldAO:1]]
[2021.01.08-17.11.06:673][  0]LogConfig: Setting CVar [[r.AOQuality:2]]
[2021.01.08-17.11.06:673][  0]LogConfig: Setting CVar [[r.VolumetricFog:1]]
[2021.01.08-17.11.06:673][  0]LogConfig: Setting CVar [[r.VolumetricFog.GridPixelSize:8]]
[2021.01.08-17.11.06:673][  0]LogConfig: Setting CVar [[r.VolumetricFog.GridSizeZ:128]]
[2021.01.08-17.11.06:673][  0]LogConfig: Setting CVar [[r.VolumetricFog.HistoryMissSupersampleCount:4]]
[2021.01.08-17.11.06:673][  0]LogConfig: Setting CVar [[r.LightMaxDrawDistanceScale:1]]
[2021.01.08-17.11.06:673][  0]LogConfig: Setting CVar [[r.CapsuleShadows:1]]
[2021.01.08-17.11.06:673][  0]LogConfig: Applying CVar settings from Section [PostProcessQuality@3] File [D:/Documents/GameDesign/UE4-EscapeRoom/UE4EscapeRoom/Saved/Config/Windows/Scalability.ini]
[2021.01.08-17.11.06:673][  0]LogConfig: Setting CVar [[r.MotionBlurQuality:4]]
[2021.01.08-17.11.06:673][  0]LogConfig: Setting CVar [[r.AmbientOcclusionMipLevelFactor:0.4]]
[2021.01.08-17.11.06:673][  0]LogConfig: Setting CVar [[r.AmbientOcclusionMaxQuality:100]]
[2021.01.08-17.11.06:673][  0]LogConfig: Setting CVar [[r.AmbientOcclusionLevels:-1]]
[2021.01.08-17.11.06:673][  0]LogConfig: Setting CVar [[r.AmbientOcclusionRadiusScale:1.0]]
[2021.01.08-17.11.06:673][  0]LogConfig: Setting CVar [[r.DepthOfFieldQuality:2]]
[2021.01.08-17.11.06:673][  0]LogConfig: Setting CVar [[r.RenderTargetPoolMin:400]]
[2021.01.08-17.11.06:673][  0]LogConfig: Setting CVar [[r.LensFlareQuality:2]]
[2021.01.08-17.11.06:673][  0]LogConfig: Setting CVar [[r.SceneColorFringeQuality:1]]
[2021.01.08-17.11.06:673][  0]LogConfig: Setting CVar [[r.EyeAdaptationQuality:2]]
[2021.01.08-17.11.06:673][  0]LogConfig: Setting CVar [[r.BloomQuality:5]]
[2021.01.08-17.11.06:673][  0]LogConfig: Setting CVar [[r.FastBlurThreshold:100]]
[2021.01.08-17.11.06:673][  0]LogConfig: Setting CVar [[r.Upscale.Quality:3]]
[2021.01.08-17.11.06:673][  0]LogConfig: Setting CVar [[r.Tonemapper.GrainQuantization:1]]
[2021.01.08-17.11.06:673][  0]LogConfig: Setting CVar [[r.LightShaftQuality:1]]
[2021.01.08-17.11.06:673][  0]LogConfig: Setting CVar [[r.Filter.SizeScale:1]]
[2021.01.08-17.11.06:673][  0]LogConfig: Setting CVar [[r.Tonemapper.Quality:5]]
[2021.01.08-17.11.06:673][  0]LogConfig: Setting CVar [[r.DOF.Gather.AccumulatorQuality:1        ; higher gathering accumulator quality]]
[2021.01.08-17.11.06:673][  0]LogConfig: Setting CVar [[r.DOF.Gather.PostfilterMethod:1          ; Median3x3 postfilering method]]
[2021.01.08-17.11.06:673][  0]LogConfig: Setting CVar [[r.DOF.Gather.EnableBokehSettings:0       ; no bokeh simulation when gathering]]
[2021.01.08-17.11.06:673][  0]LogConfig: Setting CVar [[r.DOF.Gather.RingCount:4                 ; medium number of samples when gathering]]
[2021.01.08-17.11.06:673][  0]LogConfig: Setting CVar [[r.DOF.Scatter.ForegroundCompositing:1    ; additive foreground scattering]]
[2021.01.08-17.11.06:673][  0]LogConfig: Setting CVar [[r.DOF.Scatter.BackgroundCompositing:2    ; additive background scattering]]
[2021.01.08-17.11.06:673][  0]LogConfig: Setting CVar [[r.DOF.Scatter.EnableBokehSettings:1      ; bokeh simulation when scattering]]
[2021.01.08-17.11.06:673][  0]LogConfig: Setting CVar [[r.DOF.Scatter.MaxSpriteRatio:0.1         ; only a maximum of 10% of scattered bokeh]]
[2021.01.08-17.11.06:673][  0]LogConfig: Setting CVar [[r.DOF.Recombine.Quality:1                ; cheap slight out of focus]]
[2021.01.08-17.11.06:673][  0]LogConfig: Setting CVar [[r.DOF.Recombine.EnableBokehSettings:0    ; no bokeh simulation on slight out of focus]]
[2021.01.08-17.11.06:673][  0]LogConfig: Setting CVar [[r.DOF.TemporalAAQuality:1                ; more stable temporal accumulation]]
[2021.01.08-17.11.06:673][  0]LogConfig: Setting CVar [[r.DOF.Kernel.MaxForegroundRadius:0.025]]
[2021.01.08-17.11.06:673][  0]LogConfig: Setting CVar [[r.DOF.Kernel.MaxBackgroundRadius:0.025]]
[2021.01.08-17.11.06:673][  0]LogConfig: Applying CVar settings from Section [TextureQuality@3] File [D:/Documents/GameDesign/UE4-EscapeRoom/UE4EscapeRoom/Saved/Config/Windows/Scalability.ini]
[2021.01.08-17.11.06:673][  0]LogConfig: Setting CVar [[r.Streaming.MipBias:0]]
[2021.01.08-17.11.06:673][  0]LogConfig: Setting CVar [[r.Streaming.AmortizeCPUToGPUCopy:0]]
[2021.01.08-17.11.06:673][  0]LogConfig: Setting CVar [[r.Streaming.MaxNumTexturesToStreamPerFrame:0]]
[2021.01.08-17.11.06:673][  0]LogConfig: Setting CVar [[r.Streaming.Boost:1]]
[2021.01.08-17.11.06:673][  0]LogConfig: Setting CVar [[r.MaxAnisotropy:8]]
[2021.01.08-17.11.06:673][  0]LogConfig: Setting CVar [[r.VT.MaxAnisotropy:8]]
[2021.01.08-17.11.06:673][  0]LogConfig: Setting CVar [[r.Streaming.LimitPoolSizeToVRAM:0]]
[2021.01.08-17.11.06:673][  0]LogConfig: Setting CVar [[r.Streaming.PoolSize:1000]]
[2021.01.08-17.11.06:673][  0]LogConfig: Setting CVar [[r.Streaming.MaxEffectiveScreenSize:0]]
[2021.01.08-17.11.06:673][  0]LogConfig: Applying CVar settings from Section [EffectsQuality@3] File [D:/Documents/GameDesign/UE4-EscapeRoom/UE4EscapeRoom/Saved/Config/Windows/Scalability.ini]
[2021.01.08-17.11.06:673][  0]LogConfig: Setting CVar [[r.TranslucencyLightingVolumeDim:64]]
[2021.01.08-17.11.06:673][  0]LogConfig: Setting CVar [[r.RefractionQuality:2]]
[2021.01.08-17.11.06:673][  0]LogConfig: Setting CVar [[r.SSR.Quality:3]]
[2021.01.08-17.11.06:673][  0]LogConfig: Setting CVar [[r.SSR.HalfResSceneColor:0]]
[2021.01.08-17.11.06:673][  0]LogConfig: Setting CVar [[r.SceneColorFormat:4]]
[2021.01.08-17.11.06:673][  0]LogConfig: Setting CVar [[r.DetailMode:2]]
[2021.01.08-17.11.06:673][  0]LogConfig: Setting CVar [[r.TranslucencyVolumeBlur:1]]
[2021.01.08-17.11.06:673][  0]LogConfig: Setting CVar [[r.MaterialQualityLevel:1 ; High quality]]
[2021.01.08-17.11.06:673][  0]LogConfig: Setting CVar [[r.SSS.Scale:1]]
[2021.01.08-17.11.06:673][  0]LogConfig: Setting CVar [[r.SSS.SampleSet:2]]
[2021.01.08-17.11.06:673][  0]LogConfig: Setting CVar [[r.SSS.Quality:1]]
[2021.01.08-17.11.06:673][  0]LogConfig: Setting CVar [[r.SSS.HalfRes:0]]
[2021.01.08-17.11.06:673][  0]LogConfig: Setting CVar [[r.SSGI.Quality:3]]
[2021.01.08-17.11.06:673][  0]LogConfig: Setting CVar [[r.EmitterSpawnRateScale:1.0]]
[2021.01.08-17.11.06:673][  0]LogConfig: Setting CVar [[r.ParticleLightQuality:2]]
[2021.01.08-17.11.06:673][  0]LogConfig: Setting CVar [[r.SkyAtmosphere.AerialPerspectiveLUT.FastApplyOnOpaque:1 ; Always have FastSkyLUT 1 in this case to avoid wrong sky]]
[2021.01.08-17.11.06:673][  0]LogConfig: Setting CVar [[r.SkyAtmosphere.AerialPerspectiveLUT.SampleCountPerSlice:1]]
[2021.01.08-17.11.06:673][  0]LogConfig: Setting CVar [[r.SkyAtmosphere.AerialPerspectiveLUT.DepthResolution:16.0]]
[2021.01.08-17.11.06:673][  0]LogConfig: Setting CVar [[r.SkyAtmosphere.FastSkyLUT:1]]
[2021.01.08-17.11.06:673][  0]LogConfig: Setting CVar [[r.SkyAtmosphere.FastSkyLUT.SampleCountMin:4.0]]
[2021.01.08-17.11.06:673][  0]LogConfig: Setting CVar [[r.SkyAtmosphere.FastSkyLUT.SampleCountMax:32.0]]
[2021.01.08-17.11.06:674][  0]LogConfig: Setting CVar [[r.SkyAtmosphere.SampleCountMin:4.0]]
[2021.01.08-17.11.06:674][  0]LogConfig: Setting CVar [[r.SkyAtmosphere.SampleCountMax:32.0]]
[2021.01.08-17.11.06:674][  0]LogConfig: Setting CVar [[r.SkyAtmosphere.TransmittanceLUT.UseSmallFormat:0]]
[2021.01.08-17.11.06:674][  0]LogConfig: Setting CVar [[r.SkyAtmosphere.TransmittanceLUT.SampleCount:10.0]]
[2021.01.08-17.11.06:674][  0]LogConfig: Setting CVar [[r.SkyAtmosphere.MultiScatteringLUT.SampleCount:15.0]]
[2021.01.08-17.11.06:674][  0]LogConfig: Applying CVar settings from Section [FoliageQuality@3] File [D:/Documents/GameDesign/UE4-EscapeRoom/UE4EscapeRoom/Saved/Config/Windows/Scalability.ini]
[2021.01.08-17.11.06:674][  0]LogConfig: Setting CVar [[foliage.DensityScale:1.0]]
[2021.01.08-17.11.06:674][  0]LogConfig: Setting CVar [[grass.DensityScale:1.0]]
[2021.01.08-17.11.06:674][  0]LogConfig: Applying CVar settings from Section [ShadingQuality@3] File [D:/Documents/GameDesign/UE4-EscapeRoom/UE4EscapeRoom/Saved/Config/Windows/Scalability.ini]
[2021.01.08-17.11.06:674][  0]LogConfig: Setting CVar [[r.HairStrands.SkyLighting.SampleCount:16]]
[2021.01.08-17.11.06:674][  0]LogConfig: Setting CVar [[r.HairStrands.SkyLighting.JitterIntegration:0]]
[2021.01.08-17.11.06:674][  0]LogConfig: Setting CVar [[r.HairStrands.SkyAO.SampleCount:16]]
[2021.01.08-17.11.06:674][  0]LogConfig: Setting CVar [[r.HairStrands.DeepShadow.SuperSampling:0]]
[2021.01.08-17.11.06:674][  0]LogConfig: Setting CVar [[r.HairStrands.VisibilityPPLL:0]]
[2021.01.08-17.11.06:674][  0]LogConfig: Setting CVar [[r.HairStrands.RasterizationScale:0.5]]
[2021.01.08-17.11.06:674][  0]LogConfig: Setting CVar [[r.HairStrands.VelocityRasterizationScale:1]]
[2021.01.08-17.11.06:674][  0]LogInit: Selected Device Profile: [Windows]
[2021.01.08-17.11.06:674][  0]LogInit: Applying CVar settings loaded from the selected device profile: [Windows]
[2021.01.08-17.11.06:674][  0]LogHAL: Display: Platform has ~ 16 GB [17023823872 / 17179869184 / 16], which maps to Larger [LargestMinGB=32, LargerMinGB=12, DefaultMinGB=8, SmallerMinGB=6, SmallestMinGB=0)
[2021.01.08-17.11.06:674][  0]LogInit: Going up to parent DeviceProfile []
[2021.01.08-17.11.06:674][  0]LogConfig: Applying CVar settings from Section [ViewDistanceQuality@3] File [D:/Documents/GameDesign/UE4-EscapeRoom/UE4EscapeRoom/Saved/Config/Windows/Scalability.ini]
[2021.01.08-17.11.06:674][  0]LogConfig: Setting CVar [[r.SkeletalMeshLODBias:0]]
[2021.01.08-17.11.06:674][  0]LogConfig: Setting CVar [[r.ViewDistanceScale:1.0]]
[2021.01.08-17.11.06:674][  0]LogConfig: Applying CVar settings from Section [AntiAliasingQuality@3] File [D:/Documents/GameDesign/UE4-EscapeRoom/UE4EscapeRoom/Saved/Config/Windows/Scalability.ini]
[2021.01.08-17.11.06:674][  0]LogConfig: Setting CVar [[r.PostProcessAAQuality:4]]
[2021.01.08-17.11.06:674][  0]LogConfig: Applying CVar settings from Section [ShadowQuality@3] File [D:/Documents/GameDesign/UE4-EscapeRoom/UE4EscapeRoom/Saved/Config/Windows/Scalability.ini]
[2021.01.08-17.11.06:674][  0]LogConfig: Setting CVar [[r.LightFunctionQuality:1]]
[2021.01.08-17.11.06:674][  0]LogConfig: Setting CVar [[r.ShadowQuality:5]]
[2021.01.08-17.11.06:674][  0]LogConfig: Setting CVar [[r.Shadow.CSM.MaxCascades:10]]
[2021.01.08-17.11.06:674][  0]LogConfig: Setting CVar [[r.Shadow.MaxResolution:2048]]
[2021.01.08-17.11.06:674][  0]LogConfig: Setting CVar [[r.Shadow.MaxCSMResolution:2048]]
[2021.01.08-17.11.06:674][  0]LogConfig: Setting CVar [[r.Shadow.RadiusThreshold:0.01]]
[2021.01.08-17.11.06:674][  0]LogConfig: Setting CVar [[r.Shadow.DistanceScale:1.0]]
[2021.01.08-17.11.06:674][  0]LogConfig: Setting CVar [[r.Shadow.CSM.TransitionScale:1.0]]
[2021.01.08-17.11.06:674][  0]LogConfig: Setting CVar [[r.Shadow.PreShadowResolutionFactor:1.0]]
[2021.01.08-17.11.06:674][  0]LogConfig: Setting CVar [[r.DistanceFieldShadowing:1]]
[2021.01.08-17.11.06:674][  0]LogConfig: Setting CVar [[r.DistanceFieldAO:1]]
[2021.01.08-17.11.06:674][  0]LogConfig: Setting CVar [[r.AOQuality:2]]
[2021.01.08-17.11.06:674][  0]LogConfig: Setting CVar [[r.VolumetricFog:1]]
[2021.01.08-17.11.06:674][  0]LogConfig: Setting CVar [[r.VolumetricFog.GridPixelSize:8]]
[2021.01.08-17.11.06:674][  0]LogConfig: Setting CVar [[r.VolumetricFog.GridSizeZ:128]]
[2021.01.08-17.11.06:674][  0]LogConfig: Setting CVar [[r.VolumetricFog.HistoryMissSupersampleCount:4]]
[2021.01.08-17.11.06:674][  0]LogConfig: Setting CVar [[r.LightMaxDrawDistanceScale:1]]
[2021.01.08-17.11.06:675][  0]LogConfig: Setting CVar [[r.CapsuleShadows:1]]
[2021.01.08-17.11.06:675][  0]LogConfig: Applying CVar settings from Section [PostProcessQuality@3] File [D:/Documents/GameDesign/UE4-EscapeRoom/UE4EscapeRoom/Saved/Config/Windows/Scalability.ini]
[2021.01.08-17.11.06:675][  0]LogConfig: Setting CVar [[r.MotionBlurQuality:4]]
[2021.01.08-17.11.06:675][  0]LogConfig: Setting CVar [[r.AmbientOcclusionMipLevelFactor:0.4]]
[2021.01.08-17.11.06:675][  0]LogConfig: Setting CVar [[r.AmbientOcclusionMaxQuality:100]]
[2021.01.08-17.11.06:675][  0]LogConfig: Setting CVar [[r.AmbientOcclusionLevels:-1]]
[2021.01.08-17.11.06:675][  0]LogConfig: Setting CVar [[r.AmbientOcclusionRadiusScale:1.0]]
[2021.01.08-17.11.06:675][  0]LogConfig: Setting CVar [[r.DepthOfFieldQuality:2]]
[2021.01.08-17.11.06:675][  0]LogConfig: Setting CVar [[r.RenderTargetPoolMin:400]]
[2021.01.08-17.11.06:675][  0]LogConfig: Setting CVar [[r.LensFlareQuality:2]]
[2021.01.08-17.11.06:675][  0]LogConfig: Setting CVar [[r.SceneColorFringeQuality:1]]
[2021.01.08-17.11.06:675][  0]LogConfig: Setting CVar [[r.EyeAdaptationQuality:2]]
[2021.01.08-17.11.06:675][  0]LogConfig: Setting CVar [[r.BloomQuality:5]]
[2021.01.08-17.11.06:675][  0]LogConfig: Setting CVar [[r.FastBlurThreshold:100]]
[2021.01.08-17.11.06:675][  0]LogConfig: Setting CVar [[r.Upscale.Quality:3]]
[2021.01.08-17.11.06:675][  0]LogConfig: Setting CVar [[r.Tonemapper.GrainQuantization:1]]
[2021.01.08-17.11.06:675][  0]LogConfig: Setting CVar [[r.LightShaftQuality:1]]
[2021.01.08-17.11.06:675][  0]LogConfig: Setting CVar [[r.Filter.SizeScale:1]]
[2021.01.08-17.11.06:675][  0]LogConfig: Setting CVar [[r.Tonemapper.Quality:5]]
[2021.01.08-17.11.06:675][  0]LogConfig: Setting CVar [[r.DOF.Gather.AccumulatorQuality:1        ; higher gathering accumulator quality]]
[2021.01.08-17.11.06:675][  0]LogConfig: Setting CVar [[r.DOF.Gather.PostfilterMethod:1          ; Median3x3 postfilering method]]
[2021.01.08-17.11.06:675][  0]LogConfig: Setting CVar [[r.DOF.Gather.EnableBokehSettings:0       ; no bokeh simulation when gathering]]
[2021.01.08-17.11.06:675][  0]LogConfig: Setting CVar [[r.DOF.Gather.RingCount:4                 ; medium number of samples when gathering]]
[2021.01.08-17.11.06:675][  0]LogConfig: Setting CVar [[r.DOF.Scatter.ForegroundCompositing:1    ; additive foreground scattering]]
[2021.01.08-17.11.06:675][  0]LogConfig: Setting CVar [[r.DOF.Scatter.BackgroundCompositing:2    ; additive background scattering]]
[2021.01.08-17.11.06:675][  0]LogConfig: Setting CVar [[r.DOF.Scatter.EnableBokehSettings:1      ; bokeh simulation when scattering]]
[2021.01.08-17.11.06:675][  0]LogConfig: Setting CVar [[r.DOF.Scatter.MaxSpriteRatio:0.1         ; only a maximum of 10% of scattered bokeh]]
[2021.01.08-17.11.06:675][  0]LogConfig: Setting CVar [[r.DOF.Recombine.Quality:1                ; cheap slight out of focus]]
[2021.01.08-17.11.06:675][  0]LogConfig: Setting CVar [[r.DOF.Recombine.EnableBokehSettings:0    ; no bokeh simulation on slight out of focus]]
[2021.01.08-17.11.06:675][  0]LogConfig: Setting CVar [[r.DOF.TemporalAAQuality:1                ; more stable temporal accumulation]]
[2021.01.08-17.11.06:675][  0]LogConfig: Setting CVar [[r.DOF.Kernel.MaxForegroundRadius:0.025]]
[2021.01.08-17.11.06:675][  0]LogConfig: Setting CVar [[r.DOF.Kernel.MaxBackgroundRadius:0.025]]
[2021.01.08-17.11.06:675][  0]LogConfig: Applying CVar settings from Section [TextureQuality@3] File [D:/Documents/GameDesign/UE4-EscapeRoom/UE4EscapeRoom/Saved/Config/Windows/Scalability.ini]
[2021.01.08-17.11.06:675][  0]LogConfig: Setting CVar [[r.Streaming.MipBias:0]]
[2021.01.08-17.11.06:675][  0]LogConfig: Setting CVar [[r.Streaming.AmortizeCPUToGPUCopy:0]]
[2021.01.08-17.11.06:675][  0]LogConfig: Setting CVar [[r.Streaming.MaxNumTexturesToStreamPerFrame:0]]
[2021.01.08-17.11.06:675][  0]LogConfig: Setting CVar [[r.Streaming.Boost:1]]
[2021.01.08-17.11.06:675][  0]LogConfig: Setting CVar [[r.MaxAnisotropy:8]]
[2021.01.08-17.11.06:675][  0]LogConfig: Setting CVar [[r.VT.MaxAnisotropy:8]]
[2021.01.08-17.11.06:675][  0]LogConfig: Setting CVar [[r.Streaming.LimitPoolSizeToVRAM:0]]
[2021.01.08-17.11.06:675][  0]LogConfig: Setting CVar [[r.Streaming.PoolSize:1000]]
[2021.01.08-17.11.06:675][  0]LogConfig: Setting CVar [[r.Streaming.MaxEffectiveScreenSize:0]]
[2021.01.08-17.11.06:675][  0]LogConfig: Applying CVar settings from Section [EffectsQuality@3] File [D:/Documents/GameDesign/UE4-EscapeRoom/UE4EscapeRoom/Saved/Config/Windows/Scalability.ini]
[2021.01.08-17.11.06:675][  0]LogConfig: Setting CVar [[r.TranslucencyLightingVolumeDim:64]]
[2021.01.08-17.11.06:675][  0]LogConfig: Setting CVar [[r.RefractionQuality:2]]
[2021.01.08-17.11.06:675][  0]LogConfig: Setting CVar [[r.SSR.Quality:3]]
[2021.01.08-17.11.06:675][  0]LogConfig: Setting CVar [[r.SSR.HalfResSceneColor:0]]
[2021.01.08-17.11.06:675][  0]LogConfig: Setting CVar [[r.SceneColorFormat:4]]
[2021.01.08-17.11.06:676][  0]LogConfig: Setting CVar [[r.DetailMode:2]]
[2021.01.08-17.11.06:676][  0]LogConfig: Setting CVar [[r.TranslucencyVolumeBlur:1]]
[2021.01.08-17.11.06:676][  0]LogConfig: Setting CVar [[r.MaterialQualityLevel:1 ; High quality]]
[2021.01.08-17.11.06:676][  0]LogConfig: Setting CVar [[r.SSS.Scale:1]]
[2021.01.08-17.11.06:676][  0]LogConfig: Setting CVar [[r.SSS.SampleSet:2]]
[2021.01.08-17.11.06:676][  0]LogConfig: Setting CVar [[r.SSS.Quality:1]]
[2021.01.08-17.11.06:676][  0]LogConfig: Setting CVar [[r.SSS.HalfRes:0]]
[2021.01.08-17.11.06:676][  0]LogConfig: Setting CVar [[r.SSGI.Quality:3]]
[2021.01.08-17.11.06:676][  0]LogConfig: Setting CVar [[r.EmitterSpawnRateScale:1.0]]
[2021.01.08-17.11.06:676][  0]LogConfig: Setting CVar [[r.ParticleLightQuality:2]]
[2021.01.08-17.11.06:676][  0]LogConfig: Setting CVar [[r.SkyAtmosphere.AerialPerspectiveLUT.FastApplyOnOpaque:1 ; Always have FastSkyLUT 1 in this case to avoid wrong sky]]
[2021.01.08-17.11.06:676][  0]LogConfig: Setting CVar [[r.SkyAtmosphere.AerialPerspectiveLUT.SampleCountPerSlice:1]]
[2021.01.08-17.11.06:676][  0]LogConfig: Setting CVar [[r.SkyAtmosphere.AerialPerspectiveLUT.DepthResolution:16.0]]
[2021.01.08-17.11.06:676][  0]LogConfig: Setting CVar [[r.SkyAtmosphere.FastSkyLUT:1]]
[2021.01.08-17.11.06:676][  0]LogConfig: Setting CVar [[r.SkyAtmosphere.FastSkyLUT.SampleCountMin:4.0]]
[2021.01.08-17.11.06:676][  0]LogConfig: Setting CVar [[r.SkyAtmosphere.FastSkyLUT.SampleCountMax:32.0]]
[2021.01.08-17.11.06:676][  0]LogConfig: Setting CVar [[r.SkyAtmosphere.SampleCountMin:4.0]]
[2021.01.08-17.11.06:676][  0]LogConfig: Setting CVar [[r.SkyAtmosphere.SampleCountMax:32.0]]
[2021.01.08-17.11.06:676][  0]LogConfig: Setting CVar [[r.SkyAtmosphere.TransmittanceLUT.UseSmallFormat:0]]
[2021.01.08-17.11.06:676][  0]LogConfig: Setting CVar [[r.SkyAtmosphere.TransmittanceLUT.SampleCount:10.0]]
[2021.01.08-17.11.06:676][  0]LogConfig: Setting CVar [[r.SkyAtmosphere.MultiScatteringLUT.SampleCount:15.0]]
[2021.01.08-17.11.06:676][  0]LogConfig: Applying CVar settings from Section [FoliageQuality@3] File [D:/Documents/GameDesign/UE4-EscapeRoom/UE4EscapeRoom/Saved/Config/Windows/Scalability.ini]
[2021.01.08-17.11.06:676][  0]LogConfig: Setting CVar [[foliage.DensityScale:1.0]]
[2021.01.08-17.11.06:676][  0]LogConfig: Setting CVar [[grass.DensityScale:1.0]]
[2021.01.08-17.11.06:676][  0]LogConfig: Applying CVar settings from Section [ShadingQuality@3] File [D:/Documents/GameDesign/UE4-EscapeRoom/UE4EscapeRoom/Saved/Config/Windows/Scalability.ini]
[2021.01.08-17.11.06:676][  0]LogConfig: Setting CVar [[r.HairStrands.SkyLighting.SampleCount:16]]
[2021.01.08-17.11.06:676][  0]LogConfig: Setting CVar [[r.HairStrands.SkyLighting.JitterIntegration:0]]
[2021.01.08-17.11.06:676][  0]LogConfig: Setting CVar [[r.HairStrands.SkyAO.SampleCount:16]]
[2021.01.08-17.11.06:676][  0]LogConfig: Setting CVar [[r.HairStrands.DeepShadow.SuperSampling:0]]
[2021.01.08-17.11.06:676][  0]LogConfig: Setting CVar [[r.HairStrands.VisibilityPPLL:0]]
[2021.01.08-17.11.06:676][  0]LogConfig: Setting CVar [[r.HairStrands.RasterizationScale:0.5]]
[2021.01.08-17.11.06:676][  0]LogConfig: Setting CVar [[r.HairStrands.VelocityRasterizationScale:1]]
[2021.01.08-17.11.06:676][  0]LogConfig: Applying CVar settings from Section [Startup] File [../../../Engine/Config/ConsoleVariables.ini]
[2021.01.08-17.11.06:677][  0]LogConfig: Setting CVar [[net.UseAdaptiveNetUpdateFrequency:0]]
[2021.01.08-17.11.06:677][  0]LogConfig: Setting CVar [[p.chaos.AllowCreatePhysxBodies:1]]
[2021.01.08-17.11.06:677][  0]LogConfig: Setting CVar [[fx.SkipVectorVMBackendOptimizations:1]]
[2021.01.08-17.11.06:677][  0]LogConfig: Applying CVar settings from Section [ConsoleVariables] File [D:/Documents/GameDesign/UE4-EscapeRoom/UE4EscapeRoom/Saved/Config/Windows/Engine.ini]
[2021.01.08-17.11.06:677][  0]LogInit: Computer: PHILNG
[2021.01.08-17.11.06:677][  0]LogInit: User: philng
[2021.01.08-17.11.06:677][  0]LogInit: CPU Page size=4096, Cores=6
[2021.01.08-17.11.06:677][  0]LogInit: High frequency timer resolution =10.000000 MHz
[2021.01.08-17.11.06:677][  0]LogMemory: Memory total: Physical=15.9GB (16GB approx)
[2021.01.08-17.11.06:677][  0]LogMemory: Platform Memory Stats for Windows
[2021.01.08-17.11.06:677][  0]LogMemory: Process Physical Memory: 118.63 MB used, 118.63 MB peak
[2021.01.08-17.11.06:677][  0]LogMemory: Process Virtual Memory: 107.35 MB used, 107.35 MB peak
[2021.01.08-17.11.06:677][  0]LogMemory: Physical Memory: 8541.55 MB used,  7693.63 MB free, 16235.18 MB total
[2021.01.08-17.11.06:677][  0]LogMemory: Virtual Memory: 5156.32 MB used,  134212568.00 MB free, 134217728.00 MB total
[2021.01.08-17.11.06:689][  0]LogWindows: WindowsPlatformFeatures enabled
[2021.01.08-17.11.06:752][  0]LogInit: Physics initialised using underlying interface: PhysX
[2021.01.08-17.11.06:753][  0]LogInit: Using OS detected language (en-GB).
[2021.01.08-17.11.06:753][  0]LogInit: Using OS detected locale (en-CA).
[2021.01.08-17.11.06:758][  0]LogTextLocalizationManager: No specific localization for 'en-GB' exists, so the 'en' localization will be used.
[2021.01.08-17.11.07:075][  0]LogInit: Setting process to per monitor DPI aware
[2021.01.08-17.11.07:128][  0]LogSlate: New Slate User Created.  User Index 0, Is Virtual User: 0
[2021.01.08-17.11.07:129][  0]LogSlate: Slate User Registered.  User Index 0, Is Virtual User: 0
[2021.01.08-17.11.07:382][  0]LogHMD: Failed to initialize OpenVR with code 110
[2021.01.08-17.11.07:382][  0]LogD3D11RHI: D3D11 min allowed feature level: 11_0
[2021.01.08-17.11.07:382][  0]LogD3D11RHI: D3D11 max allowed feature level: 11_0
[2021.01.08-17.11.07:382][  0]LogD3D11RHI: D3D11 adapters:
[2021.01.08-17.11.07:527][  0]LogD3D11RHI:    0. 'NVIDIA GeForce GTX 1060' (Feature Level 11_0)
[2021.01.08-17.11.07:527][  0]LogD3D11RHI:       6052/0/8117 MB DedicatedVideo/DedicatedSystem/SharedSystem, Outputs:2, VendorId:0x10de
[2021.01.08-17.11.07:559][  0]LogD3D11RHI:    1. 'Intel(R) UHD Graphics 630' (Feature Level 11_0)
[2021.01.08-17.11.07:559][  0]LogD3D11RHI:       128/0/8117 MB DedicatedVideo/DedicatedSystem/SharedSystem, Outputs:1, VendorId:0x8086
[2021.01.08-17.11.07:563][  0]LogD3D11RHI:    2. 'Microsoft Basic Render Driver' (Feature Level 11_0)
[2021.01.08-17.11.07:563][  0]LogD3D11RHI:       0/0/8117 MB DedicatedVideo/DedicatedSystem/SharedSystem, Outputs:0, VendorId:0x1414
[2021.01.08-17.11.07:563][  0]LogD3D11RHI: Chosen D3D11 Adapter: 0
[2021.01.08-17.11.07:577][  0]LogD3D11RHI: Creating new Direct3DDevice
[2021.01.08-17.11.07:577][  0]LogD3D11RHI:     GPU DeviceId: 0x1c20 (for the marketing name, search the web for "GPU Device Id")
[2021.01.08-17.11.07:577][  0]LogWindows: EnumDisplayDevices:
[2021.01.08-17.11.07:578][  0]LogWindows:    0. 'Intel(R) UHD Graphics 630' (P:0 D:1)
[2021.01.08-17.11.07:578][  0]LogWindows:    1. 'Intel(R) UHD Graphics 630' (P:0 D:0)
[2021.01.08-17.11.07:579][  0]LogWindows:    2. 'Intel(R) UHD Graphics 630' (P:0 D:0)
[2021.01.08-17.11.07:580][  0]LogWindows:    3. 'NVIDIA GeForce GTX 1060' (P:1 D:1)
[2021.01.08-17.11.07:580][  0]LogWindows:    4. 'NVIDIA GeForce GTX 1060' (P:0 D:1)
[2021.01.08-17.11.07:581][  0]LogWindows:    5. 'NVIDIA GeForce GTX 1060' (P:0 D:0)
[2021.01.08-17.11.07:582][  0]LogWindows:    6. 'NVIDIA GeForce GTX 1060' (P:0 D:0)
[2021.01.08-17.11.07:582][  0]LogWindows: DebugString: PrimaryIsNotTheChoosenAdapter PrimaryIsNotTheChoosenAdapter PrimaryIsNotTheChoosenAdapter FoundDriverCount:4 
[2021.01.08-17.11.07:582][  0]LogD3D11RHI:     Adapter Name: NVIDIA GeForce GTX 1060
[2021.01.08-17.11.07:582][  0]LogD3D11RHI:   Driver Version: 451.67 (internal:27.21.14.5167, unified:451.67)
[2021.01.08-17.11.07:582][  0]LogD3D11RHI:      Driver Date: 7-5-2020
[2021.01.08-17.11.07:582][  0]LogRHI: Texture pool is 4236 MB (70% of 6052 MB)
[2021.01.08-17.11.07:687][  0]LogD3D11RHI: RHI has support for 64 bit atomics
[2021.01.08-17.11.07:687][  0]LogD3D11RHI: Async texture creation enabled
[2021.01.08-17.11.07:687][  0]LogD3D11RHI: Array index from any shader is supported
[2021.01.08-17.11.07:722][  0]LogD3D11RHI: GPU Timing Frequency: 1000.000000 (Debug: 2 1)
[2021.01.08-17.11.08:407][  0]LogTargetPlatformManager: Display: Loaded TargetPlatform 'AllDesktop'
[2021.01.08-17.11.08:441][  0]LogTargetPlatformManager: Display: Loaded TargetPlatform 'Android'
[2021.01.08-17.11.08:441][  0]LogTargetPlatformManager: Display: Loaded TargetPlatform 'Android_ASTC'
[2021.01.08-17.11.08:441][  0]LogTargetPlatformManager: Display: Loaded TargetPlatform 'Android_DXT'
[2021.01.08-17.11.08:441][  0]LogTargetPlatformManager: Display: Loaded TargetPlatform 'Android_ETC2'
[2021.01.08-17.11.08:441][  0]LogTargetPlatformManager: Display: Loaded TargetPlatform 'AndroidClient'
[2021.01.08-17.11.08:441][  0]LogTargetPlatformManager: Display: Loaded TargetPlatform 'Android_ASTCClient'
[2021.01.08-17.11.08:441][  0]LogTargetPlatformManager: Display: Loaded TargetPlatform 'Android_DXTClient'
[2021.01.08-17.11.08:441][  0]LogTargetPlatformManager: Display: Loaded TargetPlatform 'Android_ETC2Client'
[2021.01.08-17.11.08:441][  0]LogTargetPlatformManager: Display: Loaded TargetPlatform 'Android_Multi'
[2021.01.08-17.11.08:441][  0]LogTargetPlatformManager: Display: Loaded TargetPlatform 'Android_MultiClient'
[2021.01.08-17.11.08:485][  0]LogTargetPlatformManager: Display: Loaded TargetPlatform 'IOSClient'
[2021.01.08-17.11.08:485][  0]LogTargetPlatformManager: Display: Loaded TargetPlatform 'IOS'
[2021.01.08-17.11.08:504][  0]LogTargetPlatformManager: Display: Loaded TargetPlatform 'Linux'
[2021.01.08-17.11.08:522][  0]LogTargetPlatformManager: Display: Loaded TargetPlatform 'LinuxNoEditor'
[2021.01.08-17.11.08:542][  0]LogTargetPlatformManager: Display: Loaded TargetPlatform 'LinuxClient'
[2021.01.08-17.11.08:560][  0]LogTargetPlatformManager: Display: Loaded TargetPlatform 'LinuxServer'
[2021.01.08-17.11.08:577][  0]LogTargetPlatformManager: Display: Loaded TargetPlatform 'LinuxAArch64NoEditor'
[2021.01.08-17.11.08:595][  0]LogTargetPlatformManager: Display: Loaded TargetPlatform 'LinuxAArch64Client'
[2021.01.08-17.11.08:610][  0]LogTargetPlatformManager: Display: Loaded TargetPlatform 'LinuxAArch64Server'
[2021.01.08-17.11.08:658][  0]LogTargetPlatformManager: Display: Loaded TargetPlatform 'Lumin'
[2021.01.08-17.11.08:658][  0]LogTargetPlatformManager: Display: Loaded TargetPlatform 'LuminClient'
[2021.01.08-17.11.08:687][  0]LogTargetPlatformManager: Display: Loaded TargetPlatform 'TVOSClient'
[2021.01.08-17.11.08:687][  0]LogTargetPlatformManager: Display: Loaded TargetPlatform 'TVOS'
[2021.01.08-17.11.08:702][  0]LogTargetPlatformManager: Display: Loaded TargetPlatform 'WindowsNoEditor'
[2021.01.08-17.11.08:717][  0]LogTargetPlatformManager: Display: Loaded TargetPlatform 'Windows'
[2021.01.08-17.11.08:731][  0]LogTargetPlatformManager: Display: Loaded TargetPlatform 'WindowsClient'
[2021.01.08-17.11.08:745][  0]LogTargetPlatformManager: Display: Loaded TargetPlatform 'WindowsServer'
[2021.01.08-17.11.08:745][  0]LogTargetPlatformManager: Display: Building Assets For Windows
[2021.01.08-17.11.08:758][  0]LogAudioDebug: Display: Lib vorbis DLL was dynamically loaded.
[2021.01.08-17.11.08:859][  0]LogShaderCompilers: Guid format shader working directory is -6 characters bigger than the processId version (../../../../GameDesign/UE4-EscapeRoom/UE4EscapeRoom/Intermediate/Shaders/WorkingDirectory/16944/).
[2021.01.08-17.11.08:860][  0]LogShaderCompilers: Cleaned the shader compiler working directory 'C:/Users/lipin/AppData/Local/Temp/UnrealShaderWorkingDir/317587484D798DAA9A5536A0D290DFA5/'.
[2021.01.08-17.11.08:861][  0]LogXGEController: Cannot use XGE Controller as Incredibuild is not installed on this machine.
[2021.01.08-17.11.08:861][  0]LogShaderCompilers: Cannot use XGE Shader Compiler as Incredibuild is not installed on this machine.
[2021.01.08-17.11.08:861][  0]LogShaderCompilers: Display: Using Local Shader Compiler.
[2021.01.08-17.11.09:908][  0]LogDerivedDataCache: Display: Max Cache Size: 512 MB
[2021.01.08-17.11.09:981][  0]LogDerivedDataCache: Loaded boot cache 0.07s 76MB C:/Users/lipin/AppData/Local/UnrealEngine/4.25/DerivedDataCache/Boot.ddc.
[2021.01.08-17.11.09:981][  0]LogDerivedDataCache: Display: Loaded Boot cache: C:/Users/lipin/AppData/Local/UnrealEngine/4.25/DerivedDataCache/Boot.ddc
[2021.01.08-17.11.09:981][  0]LogDerivedDataCache: FDerivedDataBackendGraph:  Pak pak cache file ../../../../GameDesign/UE4-EscapeRoom/UE4EscapeRoom/DerivedDataCache/DDC.ddp not found, will not use a pak cache.
[2021.01.08-17.11.09:981][  0]LogDerivedDataCache: Unable to find inner node Pak for hierarchical cache Hierarchy.
[2021.01.08-17.11.09:981][  0]LogDerivedDataCache: FDerivedDataBackendGraph:  CompressedPak pak cache file ../../../../GameDesign/UE4-EscapeRoom/UE4EscapeRoom/DerivedDataCache/Compressed.ddp not found, will not use a pak cache.
[2021.01.08-17.11.09:981][  0]LogDerivedDataCache: Unable to find inner node CompressedPak for hierarchical cache Hierarchy.
[2021.01.08-17.11.09:994][  0]LogDerivedDataCache: Display: Pak cache opened for reading ../../../Engine/DerivedDataCache/Compressed.ddp.
[2021.01.08-17.11.09:994][  0]LogDerivedDataCache: FDerivedDataBackendGraph:  EnterprisePak pak cache file ../../../Enterprise/DerivedDataCache/Compressed.ddp not found, will not use a pak cache.
[2021.01.08-17.11.09:994][  0]LogDerivedDataCache: Unable to find inner node EnterprisePak for hierarchical cache Hierarchy.
[2021.01.08-17.11.09:996][  0]LogDerivedDataCache: Using Local data cache path C:/Users/lipin/AppData/Local/UnrealEngine/Common/DerivedDataCache: Writable
[2021.01.08-17.11.09:996][  0]LogDerivedDataCache: Shared data cache path not found in *engine.ini, will not use an Shared cache.
[2021.01.08-17.11.09:996][  0]LogDerivedDataCache: Unable to find inner node Shared for hierarchical cache Hierarchy.
[2021.01.08-17.11.10:061][  0]LogSlate: Using FreeType 2.10.0
[2021.01.08-17.11.10:061][  0]LogSlate: SlateFontServices - WITH_FREETYPE: 1, WITH_HARFBUZZ: 1
[2021.01.08-17.11.10:095][  0]LogAssetRegistry: FAssetRegistry took 0.0035 seconds to start up
[2021.01.08-17.11.10:421][  0]LogInit: Selected Device Profile: [Windows]
[2021.01.08-17.11.10:596][  0]LogMeshReduction: Using QuadricMeshReduction for automatic static mesh reduction
[2021.01.08-17.11.10:596][  0]LogMeshReduction: Using SimplygonMeshReduction for automatic skeletal mesh reduction
[2021.01.08-17.11.10:596][  0]LogMeshReduction: Using ProxyLODMeshReduction for automatic mesh merging
[2021.01.08-17.11.10:596][  0]LogMeshReduction: No distributed automatic mesh merging module available
[2021.01.08-17.11.10:596][  0]LogMeshMerging: No distributed automatic mesh merging module available
[2021.01.08-17.11.10:627][  0]LogNetVersion: UE4EscapeRoom 1.0.0, NetCL: 13144385, EngineNetVer: 14, GameNetVer: 0 (Checksum: 483861913)
[2021.01.08-17.11.11:235][  0]LogAISub: UAISubsystem::UAISubsystem AISubsystem (0000022056A00300), frame # 0
[2021.01.08-17.11.11:235][  0]LogAISub: UAISubsystem::UAISubsystem AIPerceptionSystem (000002205693AAC0), frame # 0
[2021.01.08-17.11.11:236][  0]LogAISub: UAISubsystem::UAISubsystem EnvQueryManager (000002205698DC00), frame # 0
[2021.01.08-17.11.11:321][  0]LogPackageLocalizationCache: Processed 20 localized package path(s) for 1 prioritized culture(s) in 0.076791 seconds
[2021.01.08-17.11.11:327][  0]LogUObjectArray: 15917 objects as part of root set at end of initial load.
[2021.01.08-17.11.11:327][  0]LogUObjectAllocator: 3965568 out of 0 bytes used by permanent object pool.
[2021.01.08-17.11.11:327][  0]LogUObjectArray: CloseDisregardForGC: 0/0 objects in disregard for GC pool
[2021.01.08-17.11.11:798][  0]LogTcpMessaging: Initializing TcpMessaging bridge
[2021.01.08-17.11.11:805][  0]LogUdpMessaging: Initializing bridge on interface 0.0.0.0:0 to multicast group 230.0.0.1:6666.
[2021.01.08-17.11.11:995][  0]SourceControl: Source control is disabled
[2021.01.08-17.11.11:995][  0]SourceControl: Source control is disabled
[2021.01.08-17.11.12:001][  0]SourceControl: Source control is disabled
[2021.01.08-17.11.12:008][  0]SourceControl: Source control is disabled
[2021.01.08-17.11.12:023][  0]SourceControl: Source control is disabled
[2021.01.08-17.11.12:430][  0]LogAndroidPermission: UAndroidPermissionCallbackProxy::GetInstance
[2021.01.08-17.11.12:460][  0]LogAudioCaptureCore: Display: No Audio Capture implementations found. Audio input will be silent.
[2021.01.08-17.11.12:461][  0]LogAudioCaptureCore: Display: No Audio Capture implementations found. Audio input will be silent.
[2021.01.08-17.11.12:533][  0]LogOcInput: OculusInput pre-init called
[2021.01.08-17.11.12:551][  0]LogWindows: Failed to load 'OVRPlugin.dll' (GetLastError=126)
[2021.01.08-17.11.12:551][  0]LogWindows: File 'OVRPlugin.dll' does not exist
[2021.01.08-17.11.12:632][  0]LogEngine: Initializing Engine...
[2021.01.08-17.11.12:633][  0]LogHMD: Failed to initialize OpenVR with code 110
[2021.01.08-17.11.12:633][  0]LogMagicLeap: Warning: VR disabled because ZI is not enabled.  To enable, in the editor, Edit -> Project Settings -> Plugins -> Magic Leap Plugin -> Enable Zero Iteration
[2021.01.08-17.11.12:634][  0]LogStats: UGameplayTagsManager::InitializeManager -  0.000 s
[2021.01.08-17.11.12:799][  0]LogInit: Initializing FReadOnlyCVARCache
[2021.01.08-17.11.12:809][  0]LogAIModule: Creating AISystem for world Untitled
[2021.01.08-17.11.12:809][  0]LogAISub: UAISubsystem::UAISubsystem EnvQueryManager (000002205C183C00), frame # 0
[2021.01.08-17.11.12:809][  0]LogAISub: UAISubsystem::UAISubsystem AIPerceptionSystem (000002205C17FB00), frame # 0
[2021.01.08-17.11.12:838][  0]LogAudioMixer: Display: Audio Mixer Platform Settings:
[2021.01.08-17.11.12:838][  0]LogAudioMixer: Display: 	Sample Rate:						  48000
[2021.01.08-17.11.12:838][  0]LogAudioMixer: Display: 	Callback Buffer Frame Size Requested: 1024
[2021.01.08-17.11.12:838][  0]LogAudioMixer: Display: 	Callback Buffer Frame Size To Use:	  1024
[2021.01.08-17.11.12:838][  0]LogAudioMixer: Display: 	Number of buffers to queue:			  2
[2021.01.08-17.11.12:838][  0]LogAudioMixer: Display: 	Max Channels (voices):				  32
[2021.01.08-17.11.12:838][  0]LogAudioMixer: Display: 	Number of Async Source Workers:		  0
[2021.01.08-17.11.12:838][  0]LogAudio: Display: AudioDevice MaxSources: 32
[2021.01.08-17.11.12:839][  0]LogAudio: Display: Using built-in audio occlusion.
[2021.01.08-17.11.12:839][  0]LogAudioMixer: Display: Initializing audio mixer.
[2021.01.08-17.11.12:871][  0]LogAudioMixer: Display: 0: FrontLeft
[2021.01.08-17.11.12:871][  0]LogAudioMixer: Display: 1: FrontRight
[2021.01.08-17.11.12:923][  0]LogAudioMixer: Display: Using Audio Device Speakers (Bose SoundLink Wireless Mobile speaker Stereo)
[2021.01.08-17.11.12:927][  0]LogAudioMixer: Display: Initializing Sound Submixes...
[2021.01.08-17.11.12:929][  0]LogAudioMixer: Display: Creating Master Submix 'MasterSubmixDefault'
[2021.01.08-17.11.12:929][  0]LogAudioMixer: Display: Creating Master Submix 'MasterReverbSubmixDefault'
[2021.01.08-17.11.12:931][  0]LogAudioMixer: Display: Creating Master Submix 'MasterEQSubmixDefault'
[2021.01.08-17.11.12:932][  0]LogInit: FAudioDevice initialized.
[2021.01.08-17.11.12:932][  0]LogNetVersion: Set ProjectVersion to 1.0.0.0. Version Checksum will be recalculated on next use.
[2021.01.08-17.11.12:993][  0]LogDerivedDataCache: Saved boot cache 0.06s 76MB C:/Users/lipin/AppData/Local/UnrealEngine/4.25/DerivedDataCache/Boot.ddc.
[2021.01.08-17.11.12:995][  0]LogInit: Texture streaming: Enabled
[2021.01.08-17.11.13:024][  0]LogEngineSessionManager: EngineSessionManager initialized
[2021.01.08-17.11.13:024][  0]LogEditorSessionSummary: Verbose: Initializing EditorSessionSummaryWriter for editor session tracking
[2021.01.08-17.11.13:029][  0]LogEditorSessionSummary: EditorSessionSummaryWriter initialized
[2021.01.08-17.11.13:105][  0]LogInit: Transaction tracking system initialized
[2021.01.08-17.11.13:138][  0]BlueprintLog: New page: Editor Load
[2021.01.08-17.11.13:247][  0]LocalizationService: Localization service is disabled
[2021.01.08-17.11.13:467][  0]LogCook: Display: Max memory allowance for cook 16384mb min free memory 0mb
[2021.01.08-17.11.13:467][  0]LogCook: Display: Mobile HDR setting 1
[2021.01.08-17.11.13:780][  0]LogFileCache: Scanning file cache for directory 'D:/Documents/GameDesign/UE4-EscapeRoom/UE4EscapeRoom/Content/' took 0.01s
[2021.01.08-17.11.14:041][  0]LogImageWrapper: Warning: PNG Warning: iCCP: CRC error
[2021.01.08-17.11.14:042][  0]LogImageWrapper: Warning: PNG Warning: iCCP: CRC error
[2021.01.08-17.11.14:450][  0]LogImageWrapper: Warning: PNG Warning: iCCP: CRC error
[2021.01.08-17.11.14:450][  0]LogImageWrapper: Warning: PNG Warning: iCCP: CRC error
[2021.01.08-17.11.14:450][  0]SourceControl: Source control is disabled
[2021.01.08-17.11.14:450][  0]LogUnrealEdMisc: Loading editor; pre map load, took 10.241
[2021.01.08-17.11.14:450][  0]Cmd: MAP LOAD FILE="../../../../GameDesign/UE4-EscapeRoom/UE4EscapeRoom/Content/Maps/FirstMap.umap" TEMPLATE=0 SHOWPROGRESS=1 FEATURELEVEL=3
[2021.01.08-17.11.14:451][  0]LightingResults: New page: Lighting Build
[2021.01.08-17.11.14:451][  0]LogWorld: UWorld::CleanupWorld for Untitled, bSessionEnded=true, bCleanupResources=true
[2021.01.08-17.11.14:451][  0]LogSlate: InvalidateAllWidgets triggered.  All widgets were invalidated
[2021.01.08-17.11.14:451][  0]MapCheck: New page: Map Check
[2021.01.08-17.11.14:452][  0]LightingResults: New page: Lighting Build
[2021.01.08-17.11.14:467][  0]LogAISub: UAISubsystem::~UAISubsystem EnvQueryManager (000002205C183C00), frame # 0
[2021.01.08-17.11.14:467][  0]LogAISub: UAISubsystem::~UAISubsystem AIPerceptionSystem (000002205C17FB00), frame # 0
[2021.01.08-17.11.14:469][  0]LogUObjectHash: Compacting FUObjectHashTables data took   1.39ms
[2021.01.08-17.11.14:780][  0]LogMaterial: Display: Missing cached shader map for material M_Decal_Queue, compiling. 
[2021.01.08-17.11.14:781][  0]LogMaterial: Warning: D:\Documents\GameDesign\UE4-EscapeRoom\UE4EscapeRoom\Content\LogCabin\M_Decal_Queue.uasset: Failed to compile Material for platform PCD3D_SM5, Default Material will be used in game.
[2021.01.08-17.11.14:781][  0]LogMaterial: Display: 	Material using the DeferredDecal domain need to use the BlendModel Translucent (this saves performance)
[2021.01.08-17.11.14:788][  0]LogAIModule: Creating AISystem for world FirstMap
[2021.01.08-17.11.14:788][  0]LogAISub: UAISubsystem::UAISubsystem EnvQueryManager (0000022049E0A600), frame # 0
[2021.01.08-17.11.14:788][  0]LogAISub: UAISubsystem::UAISubsystem AIPerceptionSystem (000002205CA87EC0), frame # 0
[2021.01.08-17.11.14:805][  0]LogEditorServer: Finished looking for orphan Actors (0.000 secs)
[2021.01.08-17.11.14:825][  0]LogUObjectHash: Compacting FUObjectHashTables data took   1.78ms
[2021.01.08-17.11.14:825][  0]Cmd: MAP CHECKDEP NOCLEARLOG
[2021.01.08-17.11.14:826][  0]MapCheck: Map check complete: 0 Error(s), 0 Warning(s), took 0.151ms to complete.
[2021.01.08-17.11.14:826][  0]LogFileHelpers: Loading map 'FirstMap' took 0.376
[2021.01.08-17.11.14:829][  0]LogUnrealEdMisc: Total Editor Startup Time, took 10.620
[2021.01.08-17.11.15:079][  0]LogSlate: Updating window title bar state: overlay mode, drag disabled, window buttons hidden, title bar hidden
[2021.01.08-17.11.15:088][  0]LogSlate: Updating window title bar state: overlay mode, drag disabled, window buttons hidden, title bar hidden
[2021.01.08-17.11.15:099][  0]LogSlate: Updating window title bar state: overlay mode, drag disabled, window buttons hidden, title bar hidden
[2021.01.08-17.11.15:111][  0]LogSlate: Updating window title bar state: overlay mode, drag disabled, window buttons hidden, title bar hidden
[2021.01.08-17.11.15:131][  0]LogCollectionManager: Loaded 0 collections in 0.002443 seconds
[2021.01.08-17.11.15:147][  0]LogFileCache: Scanning file cache for directory 'D:/Documents/GameDesign/UE4-EscapeRoom/UE4EscapeRoom/Saved/Collections/' took 0.00s
[2021.01.08-17.11.15:147][  0]LogFileCache: Scanning file cache for directory 'D:/Documents/GameDesign/UE4-EscapeRoom/UE4EscapeRoom/Content/Developers/philng/Collections/' took 0.00s
[2021.01.08-17.11.15:147][  0]LogFileCache: Scanning file cache for directory 'D:/Documents/GameDesign/UE4-EscapeRoom/UE4EscapeRoom/Content/Collections/' took 0.00s
[2021.01.08-17.11.15:147][  0]LogContentBrowser: Native class hierarchy populated in 0.0118 seconds. Added 3431 classes and 826 folders.
[2021.01.08-17.11.15:150][  0]LogContentBrowser: Native class hierarchy updated for 'WidgetCarousel' in 0.0004 seconds. Added 0 classes and 0 folders.
[2021.01.08-17.11.15:233][  0]LogContentBrowser: Native class hierarchy updated for 'AddContentDialog' in 0.0005 seconds. Added 0 classes and 0 folders.
[2021.01.08-17.11.15:744][  0]LogSlate: Took 0.000287 seconds to synchronously load lazily loaded font '../../../Engine/Content/Slate/Fonts/Roboto-Regular.ttf' (155K)
[2021.01.08-17.11.15:747][  0]LogSlate: Took 0.000245 seconds to synchronously load lazily loaded font '../../../Engine/Content/Slate/Fonts/Roboto-Bold.ttf' (160K)
[2021.01.08-17.11.15:753][  0]LogSlate: Took 0.000267 seconds to synchronously load lazily loaded font '../../../Engine/Content/Editor/Slate/Fonts/FontAwesome.ttf' (139K)
[2021.01.08-17.11.15:753][  0]LogSlate: Took 0.000156 seconds to synchronously load lazily loaded font '../../../Engine/Content/Slate/Fonts/DroidSansMono.ttf' (77K)
[2021.01.08-17.11.15:912][  0]LogRenderer: Reallocating scene render targets to support 1056x700 Format 10 NumSamples 1 (Frame:1).
[2021.01.08-17.11.16:055][  0]LogContentBrowser: Native class hierarchy updated for 'HierarchicalLODOutliner' in 0.0005 seconds. Added 0 classes and 0 folders.
[2021.01.08-17.11.16:056][  0]LogLoad: (Engine Initialization) Total time: 11.85 seconds
[2021.01.08-17.11.16:056][  0]LogLoad: (Engine Initialization) Total Blueprint compile time: 0.00 seconds
[2021.01.08-17.11.16:609][  0]LogAssetRegistry: Asset discovery search completed in 6.5143 seconds
[2021.01.08-17.11.16:615][  0]LogCollectionManager: Fixed up redirectors for 0 collections in 0.000004 seconds (updated 0 objects)
[2021.01.08-17.11.16:617][  0]LogContentStreaming: Texture pool size now 1000 MB
[2021.01.08-17.11.16:655][  0]LogSlate: Took 0.000343 seconds to synchronously load lazily loaded font '../../../Engine/Content/Slate/Fonts/Roboto-Light.ttf' (167K)
[2021.01.08-17.11.22:715][105]MapCheck: New page: Map Check
[2021.01.08-17.11.22:746][105]LightingResults: New page: Lighting Build - Jan. 8, 2021, 7:11:22 a.m.
[2021.01.08-17.11.22:815][105]LogSwarmInterface: [OpenConnection] Registering TCP channel ...
[2021.01.08-17.11.23:076][105]LogSwarmInterface: [OpenConnection] Connecting to agent ...
[2021.01.08-17.11.23:099][105]LogSwarmInterface: [TryOpenConnection] Testing the Agent
[2021.01.08-17.11.24:160][105]LogSwarmInterface: [TryOpenConnection] Opening Connection to Agent
[2021.01.08-17.11.24:160][105]LogSwarmInterface: [TryOpenConnection] Local Process ID is 16944
[2021.01.08-17.11.38:347][105]LogStaticLightingSystem: Warning: No importance volume found, so the scene bounding box was used.  You can optimize your scene's quality and lighting build times by adding importance volumes.
[2021.01.08-17.11.38:348][105]LogStaticLightingSystem: Running Lightmass w/ ImmediateImport mode ENABLED
[2021.01.08-17.11.38:348][105]LogStaticLightingSystem: Running Lightmass w/ ImmediateProcess mode ENABLED
[2021.01.08-17.11.38:348][105]LogStaticLightingSystem: Running Lightmass w/ Sorting mode ENABLED
[2021.01.08-17.11.38:348][105]LogStaticLightingSystem: Running Lightmass w/ Mapping paddings ENABLED
[2021.01.08-17.11.38:348][105]LogStaticLightingSystem: Running Lightmass w/ Mapping debug paddings DISABLED
[2021.01.08-17.11.38:668][105]LogEditorBuildUtils: Build time 0:15
[2021.01.08-17.11.39:110][108]LogUObjectHash: Compacting FUObjectHashTables data took   0.95ms
[2021.01.08-17.12.30:368][257]Job is a success!
[2021.01.08-17.12.30:836][258]LogVolumetricLightmapImport: Imported Volumetric Lightmap in 0.016s
[2021.01.08-17.12.30:836][258]LogVolumetricLightmapImport:      Indirection Texture 16x16x16 = 0.0Mb
[2021.01.08-17.12.30:837][258]LogVolumetricLightmapImport:      BrickData (all levels) 0.1Mb
[2021.01.08-17.12.30:837][258]LogVolumetricLightmapImport:      Bricks at depth
[2021.01.08-17.12.30:837][258]LogVolumetricLightmapImport:          0: 5.3% covering 100.0% of volume
[2021.01.08-17.12.30:837][258]LogVolumetricLightmapImport:          1: 5.3% covering 1.6% of volume
[2021.01.08-17.12.30:837][258]LogVolumetricLightmapImport:          2: 89.5% covering 0.4% of volume
[2021.01.08-17.12.30:837][258]LogVolumetricLightmapImport:      Bricks in each level
[2021.01.08-17.12.30:837][258]LogVolumetricLightmapImport:          FirstMap 			 19 bricks 	 100.0% (Persistent Level)
[2021.01.08-17.12.34:520][258]LogTexture: Display: Building textures: HQ_Lightmap1_1 (AutoDXT, 2048X2048)
[2021.01.08-17.12.34:520][258]LogTexture: Display: Building textures: LQ_Lightmap_1_1 (DXT1, 2048X2048)
[2021.01.08-17.12.34:520][258]LogTexture: Display: Building textures: HQ_Lightmap1_2 (AutoDXT, 1024X1024)
[2021.01.08-17.12.34:520][258]LogTexture: Display: Building textures: LQ_Lightmap_1_2 (DXT1, 1024X1024)
[2021.01.08-17.12.34:520][258]LogTexture: Display: Building textures: HQ_Lightmap1_3 (AutoDXT, 1024X1024)
[2021.01.08-17.12.34:520][258]LogTexture: Display: Building textures: LQ_Lightmap_1_3 (DXT1, 1024X1024)
[2021.01.08-17.12.34:520][258]LogTexture: Display: Building textures: HQ_Lightmap1_4 (AutoDXT, 1024X1024)
[2021.01.08-17.12.34:520][258]LogTexture: Display: Building textures: LQ_Lightmap_1_4 (DXT1, 1024X1024)
[2021.01.08-17.12.34:520][258]LogTexture: Display: Building textures: HQ_Lightmap1_5 (AutoDXT, 64X64)
[2021.01.08-17.12.34:520][258]LogTexture: Display: Building textures: LQ_Lightmap_1_5 (DXT1, 64X64)
[2021.01.08-17.12.34:721][258]LogTexture: Display: Building textures: ShadowMapTexture2D_3 (G8, 32X32)
[2021.01.08-17.12.34:920][258]LogTexture: Display: Building textures: ShadowMapTexture2D_0 (BGRA8, 1024X1024)
[2021.01.08-17.12.34:977][258]LogTexture: Display: Building textures: ShadowMapTexture2D_1 (BGRA8, 1024X1024)
[2021.01.08-17.12.34:977][258]LogTexture: Display: Building textures: ShadowMapTexture2D_2 (BGRA8, 1024X1024)
[2021.01.08-17.12.34:978][258]LogStaticLightingSystem: FirstMap_BuiltData storing lightmap data for 48 meshes in 12 LightmapResourceClusters (4.0 Meshes per cluster).
[2021.01.08-17.12.34:996][258]Lightmass on PHILNG: 55.0 sec total, 426 ms importing, 41 ms setup, 7.83 sec photons, 46.6 sec processing, 0 ms extra exporting [48/48 mappings]. Threads: 8:32 min total, 3:39 min processing.
[2021.01.08-17.12.34:996][258]LogUObjectHash: Compacting FUObjectHashTables data took   1.49ms
[2021.01.08-17.12.35:025][258]LogStaticLightingSystem: Illumination: 1:11 min (3.30 sec encoding lightmaps, 427 ms encoding shadowmaps)
[2021.01.08-17.12.35:025][258]LogStaticLightingSystem: Lightmap texture memory:  14.0 MB (14.0 MB streaming, 0.0 MB non-streaming), 10 textures
[2021.01.08-17.12.35:025][258]LogStaticLightingSystem: Shadowmap texture memory: 16.0 MB (16.0 MB streaming, 0.0 MB non-streaming), 4 textures
[2021.01.08-17.12.35:408][258]DumpUnbuiltLightIteractions
[2021.01.08-17.12.35:408][258]Lights with unbuilt interactions: 0
[2021.01.08-17.12.35:408][258]
[2021.01.08-17.12.35:408][258]Primitives with unbuilt interactions: 0
[2021.01.08-17.12.35:504][259]Cmd: MAP CHECK NOTIFYRESULTS
[2021.01.08-17.12.35:505][259]MapCheck: New page: FirstMap - Jan. 8, 2021, 7:12:35 a.m.
[2021.01.08-17.12.35:508][259]MapCheck: Map check complete: 0 Error(s), 0 Warning(s), took 3.16ms to complete.
[2021.01.08-17.21.21:240][831]LogUObjectHash: Compacting FUObjectHashTables data took   1.02ms
[2021.01.08-17.21.21:243][831]LogFileHelpers: Editor autosave (incl. sublevels) for '/Game/Maps/FirstMap' took 0.020
[2021.01.08-17.25.40:063][758]Cmd: OBJ SAVEPACKAGE PACKAGE="/Game/Maps/FirstMap" FILE="../../../../GameDesign/UE4-EscapeRoom/UE4EscapeRoom/Content/Maps/FirstMap.umap" SILENT=true AUTOSAVING=false KEEPDIRTY=false
[2021.01.08-17.25.40:086][758]LogUObjectHash: Compacting FUObjectHashTables data took   0.45ms
[2021.01.08-17.25.40:139][758]LogSavePackage: Moving '../../../../GameDesign/UE4-EscapeRoom/UE4EscapeRoom/Saved/FirstMap59B6555A49D1EF437EFBDBB8015AB4C7.tmp' to '../../../../GameDesign/UE4-EscapeRoom/UE4EscapeRoom/Content/Maps/FirstMap.umap'
[2021.01.08-17.25.40:164][758]Cmd: OBJ SAVEPACKAGE PACKAGE="/Game/Maps/FirstMap_BuiltData" FILE="../../../../GameDesign/UE4-EscapeRoom/UE4EscapeRoom/Content/Maps/FirstMap_BuiltData.uasset" SILENT=true
[2021.01.08-17.25.40:796][758]LogSavePackage: Moving '../../../../GameDesign/UE4-EscapeRoom/UE4EscapeRoom/Saved/FirstMap_BuiltData805A53AE4578779BCB36FF875FF7E15B.tmp' to '../../../../GameDesign/UE4-EscapeRoom/UE4EscapeRoom/Content/Maps/FirstMap_BuiltData.uasset'
[2021.01.08-17.25.40:818][758]AssetCheck: New page: Asset Save: multiple assets
[2021.01.08-17.25.40:818][758]LogContentValidation: Display: Validating World /Game/Maps/FirstMap.FirstMap
[2021.01.08-17.25.40:818][758]LogContentValidation: Display: Validating MapBuildDataRegistry /Game/Maps/FirstMap_BuiltData.FirstMap_BuiltData
[2021.01.08-17.25.44:268][161]Candidate modules for hot reload:
[2021.01.08-17.25.44:268][161]  UE4EscapeRoom
[2021.01.08-17.25.44:268][161]Launching UnrealBuildTool... [D:/Documents/UE_4.25/Engine/Binaries/DotNET/UnrealBuildTool.exe  -ModuleWithSuffix=UE4EscapeRoom,8580 UE4EscapeRoomEditor Win64 Development -Project="D:/Documents/GameDesign/UE4-EscapeRoom/UE4EscapeRoom/UE4EscapeRoom.uproject" "D:/Documents/GameDesign/UE4-EscapeRoom/UE4EscapeRoom/UE4EscapeRoom.uproject"  -IgnoreJunk]
[2021.01.08-17.25.44:366][161]Warning: Starting HotReload took  0.1s.
[2021.01.08-17.25.54:631][353]CompilerResultsLog: New page: Compilation - Jan. 8, 2021, 7:25:54 a.m.
[2021.01.08-17.25.54:631][353]CompilerResultsLog: Using 'git status' to determine working set for adaptive non-unity build (D:\Documents\GameDesign\UE4-EscapeRoom).
[2021.01.08-17.25.54:631][353]CompilerResultsLog: Parsing headers for UE4EscapeRoomEditor
[2021.01.08-17.25.54:631][353]CompilerResultsLog:   Running UnrealHeaderTool "D:\Documents\GameDesign\UE4-EscapeRoom\UE4EscapeRoom\UE4EscapeRoom.uproject" "D:\Documents\GameDesign\UE4-EscapeRoom\UE4EscapeRoom\Intermediate\Build\Win64\UE4EscapeRoomEditor\Development\UE4EscapeRoomEditor.uhtmanifest" -LogCmds="loginit warning, logexit warning, logdatabase error" -Unattended -WarningsAsErrors -abslog="C:\Users\lipin\AppData\Local\UnrealBuildTool\Log_UHT.txt" -installed
[2021.01.08-17.25.54:631][353]CompilerResultsLog: Reflection code generated for UE4EscapeRoomEditor in 7.8790747 seconds
[2021.01.08-17.25.54:631][353]CompilerResultsLog: Building UE4EscapeRoomEditor...
[2021.01.08-17.25.54:631][353]CompilerResultsLog: Using Visual Studio 2019 14.27.29112 toolchain (C:\Program Files (x86)\Microsoft Visual Studio\2019\Community\VC\Tools\MSVC\14.27.29110) and Windows 10.0.18362.0 SDK (C:\Program Files (x86)\Windows Kits\10).
[2021.01.08-17.25.54:631][353]CompilerResultsLog: Building 5 actions with 12 processes...
[2021.01.08-17.25.54:631][353]CompilerResultsLog:   [1/5] Grabber.cpp
[2021.01.08-17.25.54:631][353]CompilerResultsLog:    D:\Documents\GameDesign\UE4-EscapeRoom\UE4EscapeRoom\Source\UE4EscapeRoom\Grabber.cpp(63) : error C2561: 'UGrabber::DetectObjects': function must return a value
[2021.01.08-17.25.54:631][353]CompilerResultsLog:   D:\Documents\GameDesign\UE4-EscapeRoom\UE4EscapeRoom\Source\UE4EscapeRoom\Grabber.cpp(36): note: see declaration of 'UGrabber::DetectObjects'
[2021.01.08-17.25.54:631][353]CompilerResultsLog:   [2/5] Grabber.gen.cpp
[2021.01.08-17.25.54:631][353]LogMainFrame: MainFrame: Module compiling took 10.368 seconds
[2021.01.08-17.25.54:631][353]Warning: HotReload failed, recompile failed
[2021.01.08-17.26.31:166][321]LogSlate: Window 'Message Log' being destroyed
[2021.01.08-17.26.31:177][321]LogSlate: Window 'Message Log' being destroyed
[2021.01.08-17.26.31:916][403]Candidate modules for hot reload:
[2021.01.08-17.26.31:916][403]  UE4EscapeRoom
[2021.01.08-17.26.31:916][403]Launching UnrealBuildTool... [D:/Documents/UE_4.25/Engine/Binaries/DotNET/UnrealBuildTool.exe  -ModuleWithSuffix=UE4EscapeRoom,4435 UE4EscapeRoomEditor Win64 Development -Project="D:/Documents/GameDesign/UE4-EscapeRoom/UE4EscapeRoom/UE4EscapeRoom.uproject" "D:/Documents/GameDesign/UE4-EscapeRoom/UE4EscapeRoom/UE4EscapeRoom.uproject"  -IgnoreJunk]
[2021.01.08-17.26.33:314][403]Warning: Starting HotReload took  1.4s.
[2021.01.08-17.26.35:332][627]CompilerResultsLog: New page: Compilation - Jan. 8, 2021, 7:26:35 a.m.
[2021.01.08-17.26.35:332][627]CompilerResultsLog: Using 'git status' to determine working set for adaptive non-unity build (D:\Documents\GameDesign\UE4-EscapeRoom).
[2021.01.08-17.26.35:332][627]CompilerResultsLog: Building UE4EscapeRoomEditor...
[2021.01.08-17.26.35:332][627]CompilerResultsLog: Using Visual Studio 2019 14.27.29112 toolchain (C:\Program Files (x86)\Microsoft Visual Studio\2019\Community\VC\Tools\MSVC\14.27.29110) and Windows 10.0.18362.0 SDK (C:\Program Files (x86)\Windows Kits\10).
[2021.01.08-17.26.35:332][627]CompilerResultsLog: Building 4 actions with 12 processes...
[2021.01.08-17.26.35:332][627]CompilerResultsLog:   [1/4] Grabber.cpp
[2021.01.08-17.26.35:332][627]CompilerResultsLog:    D:\Documents\GameDesign\UE4-EscapeRoom\UE4EscapeRoom\Source\UE4EscapeRoom\Grabber.cpp(63) : error C2440: 'return': cannot convert from 'int' to 'FHitResult'
[2021.01.08-17.26.35:332][627]CompilerResultsLog:   D:\Documents\GameDesign\UE4-EscapeRoom\UE4EscapeRoom\Source\UE4EscapeRoom\Grabber.cpp(63): note: Constructor for struct 'FHitResult' is declared 'explicit'
[2021.01.08-17.26.35:332][627]LogMainFrame: MainFrame: Module compiling took 3.421 seconds
[2021.01.08-17.26.35:333][627]Warning: HotReload failed, recompile failed
[2021.01.08-17.27.19:967][777]Candidate modules for hot reload:
[2021.01.08-17.27.19:967][777]  UE4EscapeRoom
[2021.01.08-17.27.19:968][777]Launching UnrealBuildTool... [D:/Documents/UE_4.25/Engine/Binaries/DotNET/UnrealBuildTool.exe  -ModuleWithSuffix=UE4EscapeRoom,940 UE4EscapeRoomEditor Win64 Development -Project="D:/Documents/GameDesign/UE4-EscapeRoom/UE4EscapeRoom/UE4EscapeRoom.uproject" "D:/Documents/GameDesign/UE4-EscapeRoom/UE4EscapeRoom/UE4EscapeRoom.uproject"  -IgnoreJunk]
[2021.01.08-17.27.20:154][777]Warning: Starting HotReload took  0.2s.
[2021.01.08-17.27.24:000][202]CompilerResultsLog: New page: Compilation - Jan. 8, 2021, 7:27:24 a.m.
[2021.01.08-17.27.24:000][202]CompilerResultsLog: Using 'git status' to determine working set for adaptive non-unity build (D:\Documents\GameDesign\UE4-EscapeRoom).
[2021.01.08-17.27.24:000][202]CompilerResultsLog: Building UE4EscapeRoomEditor...
[2021.01.08-17.27.24:000][202]CompilerResultsLog: Using Visual Studio 2019 14.27.29112 toolchain (C:\Program Files (x86)\Microsoft Visual Studio\2019\Community\VC\Tools\MSVC\14.27.29110) and Windows 10.0.18362.0 SDK (C:\Program Files (x86)\Windows Kits\10).
[2021.01.08-17.27.24:000][202]CompilerResultsLog: Building 4 actions with 12 processes...
[2021.01.08-17.27.24:000][202]CompilerResultsLog:   [1/4] Grabber.cpp
[2021.01.08-17.27.24:000][202]CompilerResultsLog:   [2/4] UE4Editor-UE4EscapeRoom-0940.lib
[2021.01.08-17.27.24:000][202]CompilerResultsLog:      Creating library D:\Documents\GameDesign\UE4-EscapeRoom\UE4EscapeRoom\Intermediate\Build\Win64\UE4Editor\Development\UE4EscapeRoom\UE4Editor-UE4EscapeRoom-0940.lib and object D:\Documents\GameDesign\UE4-EscapeRoom\UE4EscapeRoom\Intermediate\Build\Win64\UE4Editor\Development\UE4EscapeRoom\UE4Editor-UE4EscapeRoom-0940.exp
[2021.01.08-17.27.24:000][202]CompilerResultsLog:   [3/4] UE4Editor-UE4EscapeRoom-0940.dll
[2021.01.08-17.27.24:000][202]CompilerResultsLog:      Creating library D:\Documents\GameDesign\UE4-EscapeRoom\UE4EscapeRoom\Intermediate\Build\Win64\UE4Editor\Development\UE4EscapeRoom\UE4Editor-UE4EscapeRoom-0940.suppressed.lib and object D:\Documents\GameDesign\UE4-EscapeRoom\UE4EscapeRoom\Intermediate\Build\Win64\UE4Editor\Development\UE4EscapeRoom\UE4Editor-UE4EscapeRoom-0940.suppressed.exp
[2021.01.08-17.27.24:000][202]CompilerResultsLog:   [4/4] UE4EscapeRoomEditor.target
[2021.01.08-17.27.24:000][202]CompilerResultsLog: Total time in Parallel executor: 2.67 seconds
[2021.01.08-17.27.24:000][202]CompilerResultsLog: Total execution time: 3.62 seconds
[2021.01.08-17.27.24:000][202]LogMainFrame: MainFrame: Module compiling took 4.044 seconds
[2021.01.08-17.27.24:024][202]LogContentBrowser: Native class hierarchy populated in 0.0229 seconds. Added 3431 classes and 826 folders.
[2021.01.08-17.27.24:030][202]Display: HotReload took  4.1s.
[2021.01.08-17.27.25:576][381]LogTemp: Repeating last play command: Selected Viewport
[2021.01.08-17.27.25:594][381]LogPlayLevel: PlayLevel: No blueprints needed recompiling
[2021.01.08-17.27.25:594][381]PIE: New page: PIE session: FirstMap (Jan. 8, 2021, 7:27:25 a.m.)
[2021.01.08-17.27.25:595][381]LogOnline: OSS: Creating online subsystem instance for: NULL
[2021.01.08-17.27.25:597][381]LogOnline: OSS: TryLoadSubsystemAndSetDefault: Loaded subsystem for module [NULL]
[2021.01.08-17.27.25:597][381]LogPlayLevel: Creating play world package: /Game/Maps/UEDPIE_0_FirstMap
[2021.01.08-17.27.25:603][381]LogPlayLevel: PIE: StaticDuplicateObject took: (0.006433s)
[2021.01.08-17.27.25:605][381]LogAIModule: Creating AISystem for world FirstMap
[2021.01.08-17.27.25:605][381]LogAISub: UAISubsystem::UAISubsystem EnvQueryManager (000002207CCD2400), frame # 8381
[2021.01.08-17.27.25:605][381]LogAISub: UAISubsystem::UAISubsystem AIPerceptionSystem (000002203435CA40), frame # 8381
[2021.01.08-17.27.25:605][381]LogPlayLevel: PIE: World Init took: (0.001462s)
[2021.01.08-17.27.25:605][381]LogPlayLevel: PIE: Created PIE world by copying editor world from /Game/Maps/FirstMap.FirstMap to /Game/Maps/UEDPIE_0_FirstMap.FirstMap (0.008085s)
[2021.01.08-17.27.25:619][381]LogUObjectHash: Compacting FUObjectHashTables data took   0.78ms
[2021.01.08-17.27.25:621][381]LogAudioMixer: Display: Audio Mixer Platform Settings:
[2021.01.08-17.27.25:621][381]LogAudioMixer: Display: 	Sample Rate:						  48000
[2021.01.08-17.27.25:621][381]LogAudioMixer: Display: 	Callback Buffer Frame Size Requested: 1024
[2021.01.08-17.27.25:621][381]LogAudioMixer: Display: 	Callback Buffer Frame Size To Use:	  1024
[2021.01.08-17.27.25:621][381]LogAudioMixer: Display: 	Number of buffers to queue:			  2
[2021.01.08-17.27.25:621][381]LogAudioMixer: Display: 	Max Channels (voices):				  32
[2021.01.08-17.27.25:621][381]LogAudioMixer: Display: 	Number of Async Source Workers:		  0
[2021.01.08-17.27.25:621][381]LogAudio: Display: AudioDevice MaxSources: 32
[2021.01.08-17.27.25:622][381]LogAudio: Display: Using built-in audio occlusion.
[2021.01.08-17.27.25:622][381]LogAudioMixer: Display: Initializing audio mixer.
[2021.01.08-17.27.25:627][381]LogAudioMixer: Display: 0: FrontLeft
[2021.01.08-17.27.25:627][381]LogAudioMixer: Display: 1: FrontRight
[2021.01.08-17.27.25:657][381]LogAudioMixer: Display: Using Audio Device Speakers (Bose SoundLink Wireless Mobile speaker Stereo)
[2021.01.08-17.27.25:658][381]LogAudioMixer: Display: Initializing Sound Submixes...
[2021.01.08-17.27.25:658][381]LogAudioMixer: Display: Creating Master Submix 'MasterSubmixDefault'
[2021.01.08-17.27.25:658][381]LogAudioMixer: Display: Creating Master Submix 'MasterReverbSubmixDefault'
[2021.01.08-17.27.25:658][381]LogAudioMixer: Display: Creating Master Submix 'MasterEQSubmixDefault'
[2021.01.08-17.27.25:677][381]LogInit: FAudioDevice initialized.
[2021.01.08-17.27.25:690][381]LogLinker: Error: HOTRELOADED_Grabber_1 has an inappropriate outermost, it was probably saved with a deprecated outer (file: ../../../../GameDesign/UE4-EscapeRoom/UE4EscapeRoom/Content/Blueprint/BP_DefaultPawn.uasset)
[2021.01.08-17.27.25:692][381]LogLinker: Error: HOTRELOADED_Grabber_1 has an inappropriate outermost, it was probably saved with a deprecated outer (file: ../../../../GameDesign/UE4-EscapeRoom/UE4EscapeRoom/Content/Blueprint/BP_DefaultPawn.uasset)
[2021.01.08-17.27.25:692][381]LogLinker: Error: HOTRELOADED_Grabber_1 has an inappropriate outermost, it was probably saved with a deprecated outer (file: ../../../../GameDesign/UE4-EscapeRoom/UE4EscapeRoom/Content/Blueprint/BP_DefaultPawn.uasset)
[2021.01.08-17.27.25:703][381]LogLoad: Game class is 'BP_GameMode_C'
[2021.01.08-17.27.25:707][381]LogWorld: Bringing World /Game/Maps/UEDPIE_0_FirstMap.FirstMap up for play (max tick rate 0) at 2021.01.08-12.27.25
[2021.01.08-17.27.25:707][381]LogWorld: Bringing up level for play took: 0.002352
[2021.01.08-17.27.25:707][381]LogOnline: OSS: Creating online subsystem instance for: :Context_2
[2021.01.08-17.27.25:746][381]LogContentBrowser: Native class hierarchy updated for 'MovieSceneCapture' in 0.0005 seconds. Added 20 classes and 0 folders.
[2021.01.08-17.27.25:748][381]PIE: Server logged in
[2021.01.08-17.27.25:749][381]PIE: Play in editor total start time 0.161 seconds.
[2021.01.08-17.27.43:289][792]LogWindows: Error: === Critical error: ===
[2021.01.08-17.27.43:289][792]LogWindows: Error: 
[2021.01.08-17.27.43:289][792]LogWindows: Error: Fatal error!
[2021.01.08-17.27.43:289][792]LogWindows: Error: 
[2021.01.08-17.27.43:289][792]LogWindows: Error: Unhandled Exception: EXCEPTION_ACCESS_VIOLATION writing address 0x00000000
[2021.01.08-17.27.43:289][792]LogWindows: Error: 
[2021.01.08-17.27.43:289][792]LogWindows: Error: [Callstack] 0x00007ffa068511eb UE4Editor-Engine.dll!UnknownFunction []
[2021.01.08-17.27.43:289][792]LogWindows: Error: [Callstack] 0x00007ffa068a41e4 UE4Editor-Engine.dll!UnknownFunction []
[2021.01.08-17.27.43:289][792]LogWindows: Error: [Callstack] 0x00007ffa06897ee9 UE4Editor-Engine.dll!UnknownFunction []
[2021.01.08-17.27.43:289][792]LogWindows: Error: [Callstack] 0x00007ff9d99f2a9c UE4Editor-UE4EscapeRoom-2357.dll!UGrabber::DetectObjects() [D:\Documents\GameDesign\UE4-EscapeRoom\UE4EscapeRoom\Source\UE4EscapeRoom\Grabber.cpp:54]
[2021.01.08-17.27.43:289][792]LogWindows: Error: [Callstack] 0x00007ff9d99f2e87 UE4Editor-UE4EscapeRoom-2357.dll!UGrabber::Pickup() [D:\Documents\GameDesign\UE4-EscapeRoom\UE4EscapeRoom\Source\UE4EscapeRoom\Grabber.cpp:72]
[2021.01.08-17.27.43:289][792]LogWindows: Error: [Callstack] 0x00007ffa077191fa UE4Editor-Engine.dll!UnknownFunction []
[2021.01.08-17.27.43:289][792]LogWindows: Error: [Callstack] 0x00007ffa0774514e UE4Editor-Engine.dll!UnknownFunction []
[2021.01.08-17.27.43:289][792]LogWindows: Error: [Callstack] 0x00007ffa0724b988 UE4Editor-Engine.dll!UnknownFunction []
[2021.01.08-17.27.43:289][792]LogWindows: Error: [Callstack] 0x00007ffa0725f1b4 UE4Editor-Engine.dll!UnknownFunction []
[2021.01.08-17.27.43:289][792]LogWindows: Error: [Callstack] 0x00007ffa07249a1b UE4Editor-Engine.dll!UnknownFunction []
[2021.01.08-17.27.43:289][792]LogWindows: Error: [Callstack] 0x00007ffa0725d681 UE4Editor-Engine.dll!UnknownFunction []
[2021.01.08-17.27.43:289][792]LogWindows: Error: [Callstack] 0x00007ffa06539f84 UE4Editor-Engine.dll!UnknownFunction []
[2021.01.08-17.27.43:290][792]LogWindows: Error: [Callstack] 0x00007ffa075f936f UE4Editor-Engine.dll!UnknownFunction []
[2021.01.08-17.27.43:290][792]LogWindows: Error: [Callstack] 0x00007ffa075fe3c7 UE4Editor-Engine.dll!UnknownFunction []
[2021.01.08-17.27.43:290][792]LogWindows: Error: [Callstack] 0x00007ffa09cc87d8 UE4Editor-Core.dll!UnknownFunction []
[2021.01.08-17.27.43:290][792]LogWindows: Error: [Callstack] 0x00007ffa09cc8aa3 UE4Editor-Core.dll!UnknownFunction []
[2021.01.08-17.27.43:290][792]LogWindows: Error: [Callstack] 0x00007ffa09cdf027 UE4Editor-Core.dll!UnknownFunction []
[2021.01.08-17.27.43:290][792]LogWindows: Error: [Callstack] 0x00007ffa0761a402 UE4Editor-Engine.dll!UnknownFunction []
[2021.01.08-17.27.43:290][792]LogWindows: Error: [Callstack] 0x00007ffa0761f6ca UE4Editor-Engine.dll!UnknownFunction []
[2021.01.08-17.27.43:290][792]LogWindows: Error: [Callstack] 0x00007ffa06ddd0bf UE4Editor-Engine.dll!UnknownFunction []
[2021.01.08-17.27.43:290][792]LogWindows: Error: [Callstack] 0x00007ffa06de7957 UE4Editor-Engine.dll!UnknownFunction []
[2021.01.08-17.27.43:290][792]LogWindows: Error: [Callstack] 0x00007ffa04a2af57 UE4Editor-UnrealEd.dll!UnknownFunction []
[2021.01.08-17.27.43:290][792]LogWindows: Error: [Callstack] 0x00007ffa053037e6 UE4Editor-UnrealEd.dll!UnknownFunction []
[2021.01.08-17.27.43:290][792]LogWindows: Error: [Callstack] 0x00007ff648bf7800 UE4Editor.exe!UnknownFunction []
[2021.01.08-17.27.43:290][792]LogWindows: Error: [Callstack] 0x00007ff648c0ba7c UE4Editor.exe!UnknownFunction []
[2021.01.08-17.27.43:290][792]LogWindows: Error: [Callstack] 0x00007ff648c0bb5a UE4Editor.exe!UnknownFunction []
[2021.01.08-17.27.43:290][792]LogWindows: Error: [Callstack] 0x00007ff648c1e31d UE4Editor.exe!UnknownFunction []
[2021.01.08-17.27.43:290][792]LogWindows: Error: [Callstack] 0x00007ff648c2145a UE4Editor.exe!UnknownFunction []
[2021.01.08-17.27.43:290][792]LogWindows: Error: [Callstack] 0x00007ffa5afc7034 KERNEL32.DLL!UnknownFunction []
[2021.01.08-17.27.43:290][792]LogWindows: Error: [Callstack] 0x00007ffa5bd1d0d1 ntdll.dll!UnknownFunction []
[2021.01.08-17.27.43:290][792]LogWindows: Error: 
[2021.01.08-17.27.43:302][792]LogExit: Executing StaticShutdownAfterError
[2021.01.08-17.27.43:305][792]LogWindows: FPlatformMisc::RequestExit(1)
[2021.01.08-17.27.43:305][792]LogCore: Engine exit requested (reason: Win RequestExit)
[2021.01.08-17.27.43:318][792]Log file closed, 01/08/21 12:27:43
